<?xml version="1.0" ?>
<coverage version="7.8.0" timestamp="1747319307847" lines-valid="5485" lines-covered="755" line-rate="0.1376" branches-valid="2900" branches-covered="35" branch-rate="0.01207" complexity="0">
	<!-- Generated by coverage.py: https://coverage.readthedocs.io/en/7.8.0 -->
	<!-- Based on https://raw.githubusercontent.com/cobertura/web/master/htdocs/xml/coverage-04.dtd -->
	<sources>
		<source></source>
	</sources>
	<packages>
		<package name="." line-rate="0.5877" branch-rate="0.4062" complexity="0">
			<classes>
				<class name="conftest.py" filename="conftest.py" complexity="0" line-rate="0.5877" branch-rate="0.4062">
					<methods/>
					<lines>
						<line number="1" hits="1"/>
						<line number="2" hits="1"/>
						<line number="3" hits="1"/>
						<line number="4" hits="1"/>
						<line number="5" hits="1"/>
						<line number="6" hits="1"/>
						<line number="8" hits="1"/>
						<line number="11" hits="1"/>
						<line number="14" hits="1"/>
						<line number="20" hits="1"/>
						<line number="21" hits="1"/>
						<line number="22" hits="1"/>
						<line number="23" hits="1" branch="true" condition-coverage="100% (2/2)"/>
						<line number="24" hits="1"/>
						<line number="27" hits="1"/>
						<line number="28" hits="1"/>
						<line number="29" hits="1"/>
						<line number="30" hits="1"/>
						<line number="32" hits="1" branch="true" condition-coverage="50% (1/2)" missing-branches="exit"/>
						<line number="33" hits="1" branch="true" condition-coverage="100% (2/2)"/>
						<line number="34" hits="1" branch="true" condition-coverage="100% (2/2)"/>
						<line number="35" hits="1"/>
						<line number="36" hits="1"/>
						<line number="38" hits="1"/>
						<line number="39" hits="0"/>
						<line number="40" hits="0" branch="true" condition-coverage="0% (0/2)" missing-branches="41,42"/>
						<line number="41" hits="0"/>
						<line number="42" hits="0"/>
						<line number="44" hits="1"/>
						<line number="45" hits="0" branch="true" condition-coverage="0% (0/2)" missing-branches="exit,47"/>
						<line number="47" hits="0"/>
						<line number="48" hits="0" branch="true" condition-coverage="0% (0/2)" missing-branches="49,54"/>
						<line number="49" hits="0"/>
						<line number="50" hits="0"/>
						<line number="51" hits="0"/>
						<line number="54" hits="0" branch="true" condition-coverage="0% (0/2)" missing-branches="exit,55"/>
						<line number="55" hits="0"/>
						<line number="56" hits="0"/>
						<line number="57" hits="0"/>
						<line number="60" hits="1"/>
						<line number="61" hits="1"/>
						<line number="62" hits="0"/>
						<line number="63" hits="0"/>
						<line number="65" hits="1"/>
						<line number="66" hits="0"/>
						<line number="67" hits="0" branch="true" condition-coverage="0% (0/2)" missing-branches="68,70"/>
						<line number="68" hits="0"/>
						<line number="70" hits="0" branch="true" condition-coverage="0% (0/2)" missing-branches="exit,71"/>
						<line number="71" hits="0"/>
						<line number="72" hits="0"/>
						<line number="73" hits="0"/>
						<line number="74" hits="0"/>
						<line number="76" hits="1"/>
						<line number="77" hits="0"/>
						<line number="80" hits="1"/>
						<line number="85" hits="1"/>
						<line number="86" hits="0"/>
						<line number="88" hits="1"/>
						<line number="89" hits="0"/>
						<line number="91" hits="1"/>
						<line number="92" hits="0"/>
						<line number="95" hits="1"/>
						<line number="96" hits="1"/>
						<line number="97" hits="1"/>
						<line number="98" hits="1"/>
						<line number="110" hits="1"/>
						<line number="111" hits="1"/>
						<line number="112" hits="0"/>
						<line number="115" hits="1"/>
						<line number="118" hits="1"/>
						<line number="119" hits="1" branch="true" condition-coverage="50% (1/2)" missing-branches="120"/>
						<line number="120" hits="0"/>
						<line number="121" hits="0"/>
						<line number="123" hits="0"/>
						<line number="132" hits="1"/>
						<line number="133" hits="1"/>
						<line number="134" hits="1"/>
						<line number="136" hits="1"/>
						<line number="139" hits="1" branch="true" condition-coverage="50% (1/2)" missing-branches="141"/>
						<line number="141" hits="0"/>
						<line number="142" hits="0"/>
						<line number="143" hits="0"/>
						<line number="145" hits="1"/>
						<line number="148" hits="1"/>
						<line number="149" hits="1"/>
						<line number="152" hits="1" branch="true" condition-coverage="50% (1/2)" missing-branches="153"/>
						<line number="153" hits="0"/>
						<line number="156" hits="1"/>
						<line number="158" hits="1" branch="true" condition-coverage="50% (1/2)" missing-branches="159"/>
						<line number="159" hits="0"/>
						<line number="161" hits="1"/>
						<line number="163" hits="1"/>
						<line number="164" hits="1"/>
						<line number="169" hits="1"/>
						<line number="172" hits="1"/>
						<line number="173" hits="1"/>
						<line number="174" hits="1" branch="true" condition-coverage="50% (1/2)" missing-branches="175"/>
						<line number="175" hits="0"/>
						<line number="176" hits="0"/>
						<line number="177" hits="0"/>
						<line number="178" hits="0"/>
						<line number="179" hits="0"/>
						<line number="180" hits="0"/>
						<line number="182" hits="1"/>
						<line number="183" hits="1"/>
						<line number="185" hits="1" branch="true" condition-coverage="50% (1/2)" missing-branches="186"/>
						<line number="186" hits="0"/>
						<line number="187" hits="0"/>
						<line number="189" hits="1"/>
						<line number="192" hits="1"/>
						<line number="193" hits="0"/>
						<line number="196" hits="1"/>
						<line number="197" hits="1"/>
						<line number="198" hits="0"/>
					</lines>
				</class>
			</classes>
		</package>
		<package name=".etc.python3.10" line-rate="0.8" branch-rate="1" complexity="0">
			<classes>
				<class name="sitecustomize.py" filename="/etc/python3.10/sitecustomize.py" complexity="0" line-rate="0.8" branch-rate="1">
					<methods/>
					<lines>
						<line number="2" hits="1"/>
						<line number="3" hits="1"/>
						<line number="4" hits="1"/>
						<line number="5" hits="1"/>
						<line number="7" hits="0"/>
					</lines>
				</class>
			</classes>
		</package>
		<package name=".tmp.tmp1gcapz_1" line-rate="0.3077" branch-rate="0" complexity="0">
			<classes>
				<class name="_remote_module_non_scriptable.py" filename="/tmp/tmp1gcapz_1/_remote_module_non_scriptable.py" complexity="0" line-rate="0.3077" branch-rate="0">
					<methods/>
					<lines>
						<line number="1" hits="1"/>
						<line number="3" hits="1"/>
						<line number="4" hits="1"/>
						<line number="5" hits="1"/>
						<line number="6" hits="1"/>
						<line number="7" hits="1"/>
						<line number="8" hits="1"/>
						<line number="11" hits="1"/>
						<line number="14" hits="1"/>
						<line number="15" hits="0"/>
						<line number="16" hits="0"/>
						<line number="17" hits="0"/>
						<line number="25" hits="1"/>
						<line number="26" hits="0"/>
						<line number="27" hits="0"/>
						<line number="28" hits="0"/>
						<line number="34" hits="0"/>
						<line number="37" hits="1"/>
						<line number="45" hits="1"/>
						<line number="47" hits="0"/>
						<line number="48" hits="0"/>
						<line number="50" hits="0" branch="true" condition-coverage="0% (0/2)" missing-branches="51,58"/>
						<line number="51" hits="0"/>
						<line number="58" hits="0"/>
						<line number="59" hits="0"/>
						<line number="60" hits="0" branch="true" condition-coverage="0% (0/2)" missing-branches="61,64"/>
						<line number="61" hits="0"/>
						<line number="62" hits="0"/>
						<line number="64" hits="0"/>
						<line number="65" hits="0" branch="true" condition-coverage="0% (0/2)" missing-branches="66,69"/>
						<line number="66" hits="0" branch="true" condition-coverage="0% (0/2)" missing-branches="65,67"/>
						<line number="67" hits="0"/>
						<line number="69" hits="0" branch="true" condition-coverage="0% (0/2)" missing-branches="70,77"/>
						<line number="70" hits="0"/>
						<line number="77" hits="0"/>
						<line number="78" hits="0" branch="true" condition-coverage="0% (0/2)" missing-branches="79,81"/>
						<line number="79" hits="0"/>
						<line number="80" hits="0"/>
						<line number="81" hits="0"/>
					</lines>
				</class>
			</classes>
		</package>
		<package name="optimum.habana" line-rate="0.3807" branch-rate="0.09677" complexity="0">
			<classes>
				<class name="__init__.py" filename="optimum/habana/__init__.py" complexity="0" line-rate="1" branch-rate="1">
					<methods/>
					<lines>
						<line number="19" hits="1"/>
						<line number="26" hits="1"/>
						<line number="31" hits="1"/>
						<line number="32" hits="1"/>
						<line number="34" hits="1"/>
					</lines>
				</class>
				<class name="utils.py" filename="optimum/habana/utils.py" complexity="0" line-rate="0.3588" branch-rate="0.09677">
					<methods/>
					<lines>
						<line number="16" hits="1"/>
						<line number="17" hits="1"/>
						<line number="18" hits="1"/>
						<line number="19" hits="1"/>
						<line number="21" hits="1"/>
						<line number="22" hits="1"/>
						<line number="23" hits="1"/>
						<line number="24" hits="1"/>
						<line number="26" hits="1"/>
						<line number="28" hits="1"/>
						<line number="31" hits="1"/>
						<line number="34" hits="1"/>
						<line number="37" hits="1"/>
						<line number="49" hits="0" branch="true" condition-coverage="0% (0/2)" missing-branches="50,55"/>
						<line number="50" hits="0" branch="true" condition-coverage="0% (0/2)" missing-branches="51,52"/>
						<line number="51" hits="0"/>
						<line number="52" hits="0" branch="true" condition-coverage="0% (0/2)" missing-branches="53,54"/>
						<line number="53" hits="0"/>
						<line number="54" hits="0"/>
						<line number="55" hits="0" branch="true" condition-coverage="0% (0/2)" missing-branches="56,57"/>
						<line number="56" hits="0"/>
						<line number="57" hits="0" branch="true" condition-coverage="0% (0/2)" missing-branches="58,59"/>
						<line number="58" hits="0"/>
						<line number="59" hits="0" branch="true" condition-coverage="0% (0/2)" missing-branches="60,62"/>
						<line number="60" hits="0"/>
						<line number="62" hits="0"/>
						<line number="65" hits="1"/>
						<line number="93" hits="0"/>
						<line number="94" hits="0"/>
						<line number="95" hits="0" branch="true" condition-coverage="0% (0/2)" missing-branches="96,99"/>
						<line number="96" hits="0"/>
						<line number="99" hits="0" branch="true" condition-coverage="0% (0/2)" missing-branches="100,103"/>
						<line number="100" hits="0"/>
						<line number="103" hits="0" branch="true" condition-coverage="0% (0/2)" missing-branches="104,107"/>
						<line number="104" hits="0"/>
						<line number="107" hits="0" branch="true" condition-coverage="0% (0/2)" missing-branches="108,110"/>
						<line number="108" hits="0"/>
						<line number="109" hits="0"/>
						<line number="110" hits="0" branch="true" condition-coverage="0% (0/2)" missing-branches="111,113"/>
						<line number="111" hits="0"/>
						<line number="112" hits="0"/>
						<line number="113" hits="0" branch="true" condition-coverage="0% (0/2)" missing-branches="114,117"/>
						<line number="114" hits="0"/>
						<line number="115" hits="0"/>
						<line number="117" hits="0"/>
						<line number="120" hits="1"/>
						<line number="139" hits="0" branch="true" condition-coverage="0% (0/2)" missing-branches="140,144"/>
						<line number="140" hits="0"/>
						<line number="143" hits="0"/>
						<line number="144" hits="0"/>
						<line number="147" hits="1"/>
						<line number="157" hits="0"/>
						<line number="160" hits="1"/>
						<line number="170" hits="0"/>
						<line number="172" hits="0"/>
						<line number="174" hits="0"/>
						<line number="180" hits="0"/>
						<line number="183" hits="1"/>
						<line number="189" hits="0"/>
						<line number="190" hits="0"/>
						<line number="191" hits="0" branch="true" condition-coverage="0% (0/2)" missing-branches="exit,192"/>
						<line number="192" hits="0"/>
						<line number="194" hits="0"/>
						<line number="195" hits="0"/>
						<line number="198" hits="1"/>
						<line number="203" hits="1"/>
						<line number="204" hits="1"/>
						<line number="207" hits="1"/>
						<line number="208" hits="1" branch="true" condition-coverage="50% (1/2)" missing-branches="212"/>
						<line number="212" hits="0"/>
						<line number="217" hits="1"/>
						<line number="220" hits="1" branch="true" condition-coverage="50% (1/2)" missing-branches="229"/>
						<line number="221" hits="1" branch="true" condition-coverage="50% (1/2)" missing-branches="225"/>
						<line number="225" hits="0"/>
						<line number="229" hits="0"/>
						<line number="234" hits="1"/>
						<line number="238" hits="1"/>
						<line number="245" hits="1"/>
						<line number="248" hits="1"/>
						<line number="253" hits="1"/>
						<line number="256" hits="1" branch="true" condition-coverage="50% (1/2)" missing-branches="258"/>
						<line number="257" hits="1"/>
						<line number="258" hits="0"/>
						<line number="261" hits="1"/>
						<line number="262" hits="1"/>
						<line number="263" hits="0"/>
						<line number="264" hits="0"/>
						<line number="265" hits="0"/>
						<line number="267" hits="1"/>
						<line number="268" hits="0"/>
						<line number="270" hits="1"/>
						<line number="271" hits="0"/>
						<line number="273" hits="1"/>
						<line number="274" hits="0" branch="true" condition-coverage="0% (0/2)" missing-branches="275,276"/>
						<line number="275" hits="0"/>
						<line number="276" hits="0"/>
						<line number="277" hits="0"/>
						<line number="278" hits="0"/>
						<line number="279" hits="0"/>
						<line number="280" hits="0"/>
						<line number="282" hits="1"/>
						<line number="283" hits="0"/>
						<line number="285" hits="1"/>
						<line number="286" hits="0"/>
						<line number="287" hits="0"/>
						<line number="289" hits="1"/>
						<line number="290" hits="0"/>
						<line number="293" hits="1"/>
						<line number="298" hits="1"/>
						<line number="300" hits="1"/>
						<line number="309" hits="0" branch="true" condition-coverage="0% (0/2)" missing-branches="311,318"/>
						<line number="311" hits="0"/>
						<line number="312" hits="0"/>
						<line number="314" hits="0"/>
						<line number="315" hits="0"/>
						<line number="316" hits="0"/>
						<line number="318" hits="0"/>
						<line number="319" hits="0"/>
						<line number="320" hits="0"/>
						<line number="322" hits="0"/>
						<line number="329" hits="0"/>
						<line number="330" hits="0"/>
						<line number="331" hits="0"/>
						<line number="332" hits="0"/>
						<line number="333" hits="0"/>
						<line number="335" hits="1"/>
						<line number="336" hits="0"/>
						<line number="338" hits="1"/>
						<line number="339" hits="0"/>
						<line number="341" hits="1"/>
						<line number="342" hits="0"/>
						<line number="344" hits="1"/>
						<line number="345" hits="1"/>
						<line number="349" hits="0" branch="true" condition-coverage="0% (0/2)" missing-branches="350,353"/>
						<line number="350" hits="0" branch="true" condition-coverage="0% (0/2)" missing-branches="exit,351"/>
						<line number="351" hits="0"/>
						<line number="353" hits="0"/>
						<line number="355" hits="1"/>
						<line number="356" hits="1"/>
						<line number="360" hits="0" branch="true" condition-coverage="0% (0/2)" missing-branches="361,364"/>
						<line number="361" hits="0" branch="true" condition-coverage="0% (0/2)" missing-branches="exit,362"/>
						<line number="362" hits="0"/>
						<line number="364" hits="0"/>
						<line number="367" hits="1"/>
						<line number="373" hits="0" branch="true" condition-coverage="0% (0/2)" missing-branches="exit,374"/>
						<line number="374" hits="0"/>
						<line number="378" hits="0" branch="true" condition-coverage="0% (0/2)" missing-branches="379,383"/>
						<line number="379" hits="0"/>
						<line number="383" hits="0"/>
						<line number="386" hits="1"/>
						<line number="390" hits="0" branch="true" condition-coverage="0% (0/2)" missing-branches="391,393"/>
						<line number="391" hits="0"/>
						<line number="393" hits="0"/>
						<line number="396" hits="1"/>
						<line number="400" hits="0"/>
						<line number="405" hits="1"/>
						<line number="411" hits="1"/>
						<line number="413" hits="1"/>
						<line number="415" hits="1" branch="true" condition-coverage="50% (1/2)" missing-branches="416"/>
						<line number="416" hits="0"/>
						<line number="417" hits="1" branch="true" condition-coverage="50% (1/2)" missing-branches="419"/>
						<line number="418" hits="1"/>
						<line number="419" hits="0" branch="true" condition-coverage="0% (0/2)" missing-branches="420,422"/>
						<line number="420" hits="0"/>
						<line number="422" hits="0"/>
						<line number="425" hits="1"/>
						<line number="429" hits="0"/>
						<line number="431" hits="0" branch="true" condition-coverage="0% (0/2)" missing-branches="432,434"/>
						<line number="432" hits="0"/>
						<line number="434" hits="0"/>
					</lines>
				</class>
				<class name="version.py" filename="optimum/habana/version.py" complexity="0" line-rate="1" branch-rate="1">
					<methods/>
					<lines>
						<line number="16" hits="1"/>
					</lines>
				</class>
			</classes>
		</package>
		<package name="optimum.habana.accelerate" line-rate="0.1139" branch-rate="0.006173" complexity="0">
			<classes>
				<class name="__init__.py" filename="optimum/habana/accelerate/__init__.py" complexity="0" line-rate="1" branch-rate="1">
					<methods/>
					<lines>
						<line number="1" hits="1"/>
					</lines>
				</class>
				<class name="accelerator.py" filename="optimum/habana/accelerate/accelerator.py" complexity="0" line-rate="0.1102" branch-rate="0.006173">
					<methods/>
					<lines>
						<line number="16" hits="1"/>
						<line number="18" hits="1"/>
						<line number="19" hits="1"/>
						<line number="20" hits="1"/>
						<line number="21" hits="1"/>
						<line number="22" hits="1"/>
						<line number="24" hits="1"/>
						<line number="25" hits="1"/>
						<line number="26" hits="1"/>
						<line number="27" hits="1"/>
						<line number="28" hits="1"/>
						<line number="29" hits="1"/>
						<line number="30" hits="1"/>
						<line number="31" hits="1"/>
						<line number="49" hits="1"/>
						<line number="50" hits="1"/>
						<line number="53" hits="1" branch="true" condition-coverage="50% (1/2)" missing-branches="54"/>
						<line number="54" hits="0"/>
						<line number="62" hits="1"/>
						<line number="63" hits="1"/>
						<line number="66" hits="1"/>
						<line number="70" hits="1"/>
						<line number="71" hits="0" branch="true" condition-coverage="0% (0/2)" missing-branches="72,77"/>
						<line number="72" hits="0" branch="true" condition-coverage="0% (0/2)" missing-branches="exit,73"/>
						<line number="73" hits="0"/>
						<line number="74" hits="0"/>
						<line number="75" hits="0"/>
						<line number="77" hits="0" branch="true" condition-coverage="0% (0/2)" missing-branches="78,83"/>
						<line number="78" hits="0" branch="true" condition-coverage="0% (0/2)" missing-branches="exit,79"/>
						<line number="79" hits="0"/>
						<line number="80" hits="0" branch="true" condition-coverage="0% (0/2)" missing-branches="78,81"/>
						<line number="81" hits="0"/>
						<line number="83" hits="0"/>
						<line number="84" hits="0"/>
						<line number="85" hits="0"/>
						<line number="88" hits="1"/>
						<line number="89" hits="1"/>
						<line number="117" hits="0"/>
						<line number="118" hits="0"/>
						<line number="119" hits="0"/>
						<line number="120" hits="0"/>
						<line number="121" hits="0"/>
						<line number="123" hits="0"/>
						<line number="146" hits="1"/>
						<line number="171" hits="0" branch="true" condition-coverage="0% (0/2)" missing-branches="172,175"/>
						<line number="172" hits="0"/>
						<line number="173" hits="0" branch="true" condition-coverage="0% (0/2)" missing-branches="174,175"/>
						<line number="174" hits="0"/>
						<line number="175" hits="0"/>
						<line number="178" hits="0" branch="true" condition-coverage="0% (0/2)" missing-branches="183,190"/>
						<line number="183" hits="0"/>
						<line number="190" hits="0" branch="true" condition-coverage="0% (0/2)" missing-branches="191,200"/>
						<line number="191" hits="0"/>
						<line number="192" hits="0"/>
						<line number="193" hits="0"/>
						<line number="194" hits="0" branch="true" condition-coverage="0% (0/2)" missing-branches="195,198"/>
						<line number="195" hits="0"/>
						<line number="196" hits="0"/>
						<line number="198" hits="0"/>
						<line number="200" hits="0" branch="true" condition-coverage="0% (0/2)" missing-branches="201,203"/>
						<line number="201" hits="0"/>
						<line number="203" hits="0" branch="true" condition-coverage="0% (0/2)" missing-branches="206,231"/>
						<line number="206" hits="0"/>
						<line number="207" hits="0" branch="true" condition-coverage="0% (0/2)" missing-branches="208,213"/>
						<line number="208" hits="0"/>
						<line number="213" hits="0" branch="true" condition-coverage="0% (0/2)" missing-branches="214,227"/>
						<line number="214" hits="0"/>
						<line number="215" hits="0"/>
						<line number="219" hits="0" branch="true" condition-coverage="0% (0/2)" missing-branches="221,227"/>
						<line number="221" hits="0" branch="true" condition-coverage="0% (0/2)" missing-branches="222,227"/>
						<line number="222" hits="0"/>
						<line number="227" hits="0" branch="true" condition-coverage="0% (0/2)" missing-branches="228,233"/>
						<line number="228" hits="0"/>
						<line number="231" hits="0" branch="true" condition-coverage="0% (0/2)" missing-branches="232,233"/>
						<line number="232" hits="0"/>
						<line number="233" hits="0" branch="true" condition-coverage="0% (0/2)" missing-branches="235,366"/>
						<line number="235" hits="0" branch="true" condition-coverage="0% (0/2)" missing-branches="236,242"/>
						<line number="236" hits="0" branch="true" condition-coverage="0% (0/2)" missing-branches="237,366"/>
						<line number="237" hits="0"/>
						<line number="238" hits="0"/>
						<line number="239" hits="0" branch="true" condition-coverage="0% (0/2)" missing-branches="240,366"/>
						<line number="240" hits="0"/>
						<line number="242" hits="0" branch="true" condition-coverage="0% (0/2)" missing-branches="243,366"/>
						<line number="243" hits="0"/>
						<line number="249" hits="0"/>
						<line number="253" hits="0" branch="true" condition-coverage="0% (0/2)" missing-branches="254,287"/>
						<line number="254" hits="0"/>
						<line number="255" hits="0"/>
						<line number="256" hits="0"/>
						<line number="270" hits="0"/>
						<line number="271" hits="0" branch="true" condition-coverage="0% (0/2)" missing-branches="272,287"/>
						<line number="272" hits="0"/>
						<line number="278" hits="0"/>
						<line number="287" hits="0"/>
						<line number="362" hits="0" branch="true" condition-coverage="0% (0/2)" missing-branches="363,364"/>
						<line number="363" hits="0"/>
						<line number="364" hits="0"/>
						<line number="366" hits="0" branch="true" condition-coverage="0% (0/2)" missing-branches="367,374"/>
						<line number="367" hits="0"/>
						<line number="369" hits="0" branch="true" condition-coverage="0% (0/2)" missing-branches="370,372"/>
						<line number="370" hits="0"/>
						<line number="372" hits="0"/>
						<line number="374" hits="0"/>
						<line number="377" hits="1"/>
						<line number="378" hits="0"/>
						<line number="380" hits="0"/>
						<line number="382" hits="0"/>
						<line number="383" hits="0"/>
						<line number="392" hits="0" branch="true" condition-coverage="0% (0/2)" missing-branches="393,418"/>
						<line number="393" hits="0" branch="true" condition-coverage="0% (0/2)" missing-branches="394,411"/>
						<line number="394" hits="0"/>
						<line number="395" hits="0" branch="true" condition-coverage="0% (0/2)" missing-branches="396,401"/>
						<line number="396" hits="0"/>
						<line number="401" hits="0" branch="true" condition-coverage="0% (0/2)" missing-branches="402,404"/>
						<line number="402" hits="0"/>
						<line number="404" hits="0"/>
						<line number="405" hits="0" branch="true" condition-coverage="0% (0/2)" missing-branches="406,421"/>
						<line number="406" hits="0"/>
						<line number="411" hits="0"/>
						<line number="418" hits="0"/>
						<line number="421" hits="0"/>
						<line number="427" hits="0"/>
						<line number="436" hits="0"/>
						<line number="437" hits="0"/>
						<line number="438" hits="0"/>
						<line number="439" hits="0" branch="true" condition-coverage="0% (0/2)" missing-branches="440,449"/>
						<line number="440" hits="0" branch="true" condition-coverage="0% (0/2)" missing-branches="441,442"/>
						<line number="441" hits="0"/>
						<line number="442" hits="0" branch="true" condition-coverage="0% (0/2)" missing-branches="443,444"/>
						<line number="443" hits="0"/>
						<line number="444" hits="0" branch="true" condition-coverage="0% (0/2)" missing-branches="439,447"/>
						<line number="447" hits="0"/>
						<line number="449" hits="0" branch="true" condition-coverage="0% (0/2)" missing-branches="450,464"/>
						<line number="450" hits="0" branch="true" condition-coverage="0% (0/2)" missing-branches="451,456"/>
						<line number="451" hits="0"/>
						<line number="456" hits="0" branch="true" condition-coverage="0% (0/2)" missing-branches="457,461"/>
						<line number="457" hits="0"/>
						<line number="461" hits="0" branch="true" condition-coverage="0% (0/2)" missing-branches="462,464"/>
						<line number="462" hits="0"/>
						<line number="464" hits="0" branch="true" condition-coverage="0% (0/2)" missing-branches="465,481"/>
						<line number="465" hits="0" branch="true" condition-coverage="0% (0/2)" missing-branches="466,471"/>
						<line number="466" hits="0"/>
						<line number="471" hits="0" branch="true" condition-coverage="0% (0/2)" missing-branches="476,481"/>
						<line number="476" hits="0"/>
						<line number="481" hits="0" branch="true" condition-coverage="0% (0/2)" missing-branches="482,488"/>
						<line number="482" hits="0" branch="true" condition-coverage="0% (0/2)" missing-branches="483,488"/>
						<line number="483" hits="0"/>
						<line number="488" hits="0" branch="true" condition-coverage="0% (0/2)" missing-branches="490,628"/>
						<line number="490" hits="0"/>
						<line number="492" hits="0"/>
						<line number="497" hits="0"/>
						<line number="498" hits="0" branch="true" condition-coverage="0% (0/2)" missing-branches="499,525"/>
						<line number="499" hits="0"/>
						<line number="504" hits="0" branch="true" condition-coverage="0% (0/2)" missing-branches="505,507"/>
						<line number="505" hits="0"/>
						<line number="507" hits="0" branch="true" condition-coverage="0% (0/2)" missing-branches="508,509"/>
						<line number="508" hits="0"/>
						<line number="509" hits="0" branch="true" condition-coverage="0% (0/2)" missing-branches="511,513"/>
						<line number="511" hits="0"/>
						<line number="513" hits="0"/>
						<line number="517" hits="0"/>
						<line number="525" hits="0" branch="true" condition-coverage="0% (0/2)" missing-branches="526,529"/>
						<line number="526" hits="0"/>
						<line number="529" hits="0" branch="true" condition-coverage="0% (0/2)" missing-branches="530,548"/>
						<line number="530" hits="0"/>
						<line number="535" hits="0"/>
						<line number="542" hits="0" branch="true" condition-coverage="0% (0/2)" missing-branches="543,548"/>
						<line number="543" hits="0"/>
						<line number="548" hits="0"/>
						<line number="549" hits="0"/>
						<line number="550" hits="0"/>
						<line number="551" hits="0" branch="true" condition-coverage="0% (0/2)" missing-branches="552,569"/>
						<line number="552" hits="0" branch="true" condition-coverage="0% (0/2)" missing-branches="553,557"/>
						<line number="553" hits="0"/>
						<line number="554" hits="0" branch="true" condition-coverage="0% (0/2)" missing-branches="555,569"/>
						<line number="555" hits="0"/>
						<line number="557" hits="0" branch="true" condition-coverage="0% (0/2)" missing-branches="560,564"/>
						<line number="560" hits="0"/>
						<line number="562" hits="0"/>
						<line number="563" hits="0"/>
						<line number="564" hits="0"/>
						<line number="565" hits="0" branch="true" condition-coverage="0% (0/2)" missing-branches="566,569"/>
						<line number="566" hits="0" branch="true" condition-coverage="0% (0/2)" missing-branches="567,569"/>
						<line number="567" hits="0"/>
						<line number="569" hits="0"/>
						<line number="570" hits="0"/>
						<line number="574" hits="0" branch="true" condition-coverage="0% (0/2)" missing-branches="577,578"/>
						<line number="577" hits="0"/>
						<line number="578" hits="0"/>
						<line number="580" hits="0" branch="true" condition-coverage="0% (0/2)" missing-branches="581,592"/>
						<line number="581" hits="0"/>
						<line number="583" hits="0" branch="true" condition-coverage="0% (0/2)" missing-branches="584,586"/>
						<line number="584" hits="0"/>
						<line number="586" hits="0"/>
						<line number="592" hits="0" branch="true" condition-coverage="0% (0/2)" missing-branches="593,594"/>
						<line number="593" hits="0"/>
						<line number="594" hits="0" branch="true" condition-coverage="0% (0/2)" missing-branches="595,605"/>
						<line number="595" hits="0" branch="true" condition-coverage="0% (0/2)" missing-branches="596,603"/>
						<line number="596" hits="0"/>
						<line number="603" hits="0"/>
						<line number="605" hits="0" branch="true" condition-coverage="0% (0/2)" missing-branches="606,615"/>
						<line number="606" hits="0" branch="true" condition-coverage="0% (0/2)" missing-branches="607,608"/>
						<line number="607" hits="0"/>
						<line number="608" hits="0" branch="true" condition-coverage="0% (0/2)" missing-branches="609,610"/>
						<line number="609" hits="0"/>
						<line number="610" hits="0" branch="true" condition-coverage="0% (0/2)" missing-branches="605,613"/>
						<line number="613" hits="0"/>
						<line number="615" hits="0" branch="true" condition-coverage="0% (0/2)" missing-branches="616,618"/>
						<line number="616" hits="0"/>
						<line number="618" hits="0"/>
						<line number="623" hits="0"/>
						<line number="624" hits="0" branch="true" condition-coverage="0% (0/2)" missing-branches="625,626"/>
						<line number="625" hits="0"/>
						<line number="626" hits="0" branch="true" condition-coverage="0% (0/2)" missing-branches="627,628"/>
						<line number="627" hits="0"/>
						<line number="628" hits="0"/>
						<line number="631" hits="1"/>
						<line number="661" hits="0" branch="true" condition-coverage="0% (0/2)" missing-branches="662,665"/>
						<line number="662" hits="0" branch="true" condition-coverage="0% (0/2)" missing-branches="663,664"/>
						<line number="663" hits="0"/>
						<line number="664" hits="0"/>
						<line number="665" hits="0" branch="true" condition-coverage="0% (0/2)" missing-branches="666,670"/>
						<line number="666" hits="0"/>
						<line number="670" hits="0"/>
						<line number="671" hits="0"/>
						<line number="672" hits="0" branch="true" condition-coverage="0% (0/2)" missing-branches="673,674"/>
						<line number="673" hits="0"/>
						<line number="674" hits="0" branch="true" condition-coverage="0% (0/2)" missing-branches="675,676"/>
						<line number="675" hits="0"/>
						<line number="676" hits="0" branch="true" condition-coverage="0% (0/2)" missing-branches="677,678"/>
						<line number="677" hits="0"/>
						<line number="678" hits="0" branch="true" condition-coverage="0% (0/2)" missing-branches="679,682"/>
						<line number="679" hits="0"/>
						<line number="682" hits="0"/>
						<line number="699" hits="0"/>
						<line number="700" hits="0"/>
					</lines>
				</class>
			</classes>
		</package>
		<package name="optimum.habana.accelerate.utils" line-rate="0.2336" branch-rate="0.02273" complexity="0">
			<classes>
				<class name="__init__.py" filename="optimum/habana/accelerate/utils/__init__.py" complexity="0" line-rate="1" branch-rate="1">
					<methods/>
					<lines>
						<line number="1" hits="1"/>
					</lines>
				</class>
				<class name="transformer_engine.py" filename="optimum/habana/accelerate/utils/transformer_engine.py" complexity="0" line-rate="0.2264" branch-rate="0.02273">
					<methods/>
					<lines>
						<line number="16" hits="1"/>
						<line number="17" hits="1"/>
						<line number="19" hits="1"/>
						<line number="20" hits="1"/>
						<line number="21" hits="1"/>
						<line number="26" hits="1" branch="true" condition-coverage="50% (1/2)" missing-branches="30"/>
						<line number="27" hits="1"/>
						<line number="30" hits="1"/>
						<line number="33" hits="1"/>
						<line number="35" hits="0"/>
						<line number="36" hits="0"/>
						<line number="38" hits="0"/>
						<line number="40" hits="0"/>
						<line number="41" hits="0"/>
						<line number="44" hits="1"/>
						<line number="45" hits="0" branch="true" condition-coverage="0% (0/2)" missing-branches="46,47"/>
						<line number="46" hits="0"/>
						<line number="47" hits="0"/>
						<line number="50" hits="1"/>
						<line number="54" hits="0"/>
						<line number="56" hits="0" branch="true" condition-coverage="0% (0/2)" missing-branches="57,59"/>
						<line number="57" hits="0"/>
						<line number="59" hits="0"/>
						<line number="61" hits="0" branch="true" condition-coverage="0% (0/2)" missing-branches="exit,62"/>
						<line number="62" hits="0" branch="true" condition-coverage="0% (0/2)" missing-branches="67,85"/>
						<line number="67" hits="0" branch="true" condition-coverage="0% (0/2)" missing-branches="61,68"/>
						<line number="68" hits="0" branch="true" condition-coverage="0% (0/2)" missing-branches="67,69"/>
						<line number="69" hits="0"/>
						<line number="71" hits="0"/>
						<line number="79" hits="0"/>
						<line number="81" hits="0" branch="true" condition-coverage="0% (0/2)" missing-branches="82,84"/>
						<line number="82" hits="0"/>
						<line number="84" hits="0"/>
						<line number="85" hits="0" branch="true" condition-coverage="0% (0/2)" missing-branches="86,102"/>
						<line number="86" hits="0"/>
						<line number="88" hits="0"/>
						<line number="96" hits="0"/>
						<line number="98" hits="0" branch="true" condition-coverage="0% (0/2)" missing-branches="99,101"/>
						<line number="99" hits="0"/>
						<line number="101" hits="0"/>
						<line number="102" hits="0" branch="true" condition-coverage="0% (0/2)" missing-branches="103,116"/>
						<line number="103" hits="0"/>
						<line number="104" hits="0"/>
						<line number="111" hits="0"/>
						<line number="112" hits="0" branch="true" condition-coverage="0% (0/2)" missing-branches="113,115"/>
						<line number="113" hits="0"/>
						<line number="115" hits="0"/>
						<line number="116" hits="0" branch="true" condition-coverage="0% (0/2)" missing-branches="117,148"/>
						<line number="117" hits="0"/>
						<line number="121" hits="0"/>
						<line number="122" hits="0"/>
						<line number="123" hits="0"/>
						<line number="124" hits="0"/>
						<line number="130" hits="0"/>
						<line number="144" hits="0"/>
						<line number="146" hits="0"/>
						<line number="148" hits="0"/>
						<line number="151" hits="1"/>
						<line number="155" hits="0" branch="true" condition-coverage="0% (0/2)" missing-branches="156,157"/>
						<line number="156" hits="0"/>
						<line number="157" hits="0" branch="true" condition-coverage="0% (0/2)" missing-branches="158,160"/>
						<line number="158" hits="0" branch="true" condition-coverage="0% (0/2)" missing-branches="157,159"/>
						<line number="159" hits="0"/>
						<line number="160" hits="0"/>
						<line number="163" hits="1"/>
						<line number="168" hits="0" branch="true" condition-coverage="0% (0/2)" missing-branches="169,172"/>
						<line number="169" hits="0"/>
						<line number="170" hits="0"/>
						<line number="171" hits="0"/>
						<line number="172" hits="0"/>
						<line number="175" hits="1"/>
						<line number="180" hits="0" branch="true" condition-coverage="0% (0/2)" missing-branches="181,182"/>
						<line number="181" hits="0"/>
						<line number="182" hits="0"/>
						<line number="183" hits="0" branch="true" condition-coverage="0% (0/2)" missing-branches="184,185"/>
						<line number="184" hits="0"/>
						<line number="185" hits="0"/>
						<line number="186" hits="0"/>
						<line number="187" hits="0"/>
						<line number="190" hits="1"/>
						<line number="195" hits="1"/>
						<line number="196" hits="0"/>
						<line number="197" hits="0"/>
						<line number="199" hits="1"/>
						<line number="200" hits="0"/>
						<line number="201" hits="0"/>
						<line number="203" hits="1"/>
						<line number="204" hits="0"/>
						<line number="205" hits="0"/>
						<line number="207" hits="1"/>
						<line number="208" hits="1"/>
						<line number="209" hits="0"/>
						<line number="211" hits="1"/>
						<line number="212" hits="1"/>
						<line number="217" hits="0"/>
						<line number="218" hits="0"/>
						<line number="219" hits="0"/>
						<line number="221" hits="0"/>
						<line number="223" hits="1"/>
						<line number="224" hits="1"/>
						<line number="229" hits="0" branch="true" condition-coverage="0% (0/2)" missing-branches="230,235"/>
						<line number="230" hits="0"/>
						<line number="233" hits="0"/>
						<line number="235" hits="0" branch="true" condition-coverage="0% (0/2)" missing-branches="exit,236"/>
						<line number="236" hits="0" branch="true" condition-coverage="0% (0/2)" missing-branches="235,237"/>
						<line number="237" hits="0"/>
					</lines>
				</class>
			</classes>
		</package>
		<package name="optimum.habana.distributed" line-rate="0.1835" branch-rate="0" complexity="0">
			<classes>
				<class name="__init__.py" filename="optimum/habana/distributed/__init__.py" complexity="0" line-rate="0.4375" branch-rate="0">
					<methods/>
					<lines>
						<line number="1" hits="1"/>
						<line number="3" hits="1"/>
						<line number="5" hits="1"/>
						<line number="6" hits="1"/>
						<line number="9" hits="1"/>
						<line number="14" hits="0" branch="true" condition-coverage="0% (0/2)" missing-branches="15,17"/>
						<line number="15" hits="0"/>
						<line number="17" hits="0" branch="true" condition-coverage="0% (0/2)" missing-branches="18,21"/>
						<line number="18" hits="0"/>
						<line number="19" hits="0"/>
						<line number="21" hits="0"/>
						<line number="22" hits="0"/>
						<line number="24" hits="0"/>
						<line number="27" hits="1"/>
						<line number="30" hits="1"/>
						<line number="31" hits="0"/>
					</lines>
				</class>
				<class name="distributed_runner.py" filename="optimum/habana/distributed/distributed_runner.py" complexity="0" line-rate="0.1406" branch-rate="0">
					<methods/>
					<lines>
						<line number="20" hits="1"/>
						<line number="21" hits="1"/>
						<line number="22" hits="1"/>
						<line number="23" hits="1"/>
						<line number="24" hits="1"/>
						<line number="26" hits="1"/>
						<line number="29" hits="1"/>
						<line number="32" hits="1"/>
						<line number="37" hits="1"/>
						<line number="64" hits="0"/>
						<line number="65" hits="0"/>
						<line number="66" hits="0"/>
						<line number="68" hits="0"/>
						<line number="69" hits="0"/>
						<line number="70" hits="0"/>
						<line number="71" hits="0"/>
						<line number="72" hits="0"/>
						<line number="73" hits="0"/>
						<line number="74" hits="0"/>
						<line number="76" hits="0"/>
						<line number="79" hits="0" branch="true" condition-coverage="0% (0/2)" missing-branches="80,82"/>
						<line number="80" hits="0"/>
						<line number="82" hits="0" branch="true" condition-coverage="0% (0/2)" missing-branches="83,85"/>
						<line number="83" hits="0"/>
						<line number="85" hits="0" branch="true" condition-coverage="0% (0/2)" missing-branches="86,96"/>
						<line number="86" hits="0" branch="true" condition-coverage="0% (0/2)" missing-branches="87,89"/>
						<line number="87" hits="0"/>
						<line number="89" hits="0" branch="true" condition-coverage="0% (0/2)" missing-branches="90,92"/>
						<line number="90" hits="0"/>
						<line number="92" hits="0"/>
						<line number="96" hits="0" branch="true" condition-coverage="0% (0/2)" missing-branches="98,111"/>
						<line number="98" hits="0" branch="true" condition-coverage="0% (0/2)" missing-branches="100,101"/>
						<line number="100" hits="0"/>
						<line number="101" hits="0" branch="true" condition-coverage="0% (0/2)" missing-branches="103,108"/>
						<line number="103" hits="0"/>
						<line number="104" hits="0"/>
						<line number="105" hits="0"/>
						<line number="108" hits="0"/>
						<line number="111" hits="0"/>
						<line number="115" hits="0"/>
						<line number="117" hits="1"/>
						<line number="118" hits="0"/>
						<line number="119" hits="0"/>
						<line number="120" hits="0"/>
						<line number="123" hits="0"/>
						<line number="124" hits="0"/>
						<line number="127" hits="0"/>
						<line number="128" hits="0"/>
						<line number="129" hits="0"/>
						<line number="130" hits="0" branch="true" condition-coverage="0% (0/2)" missing-branches="131,134"/>
						<line number="131" hits="0"/>
						<line number="132" hits="0"/>
						<line number="133" hits="0"/>
						<line number="134" hits="0" branch="true" condition-coverage="0% (0/2)" missing-branches="135,140"/>
						<line number="135" hits="0"/>
						<line number="136" hits="0"/>
						<line number="137" hits="0"/>
						<line number="138" hits="0"/>
						<line number="140" hits="0"/>
						<line number="141" hits="0"/>
						<line number="143" hits="1"/>
						<line number="144" hits="0"/>
						<line number="145" hits="0"/>
						<line number="147" hits="1"/>
						<line number="152" hits="0" branch="true" condition-coverage="0% (0/2)" missing-branches="153,155"/>
						<line number="153" hits="0"/>
						<line number="155" hits="0"/>
						<line number="157" hits="1"/>
						<line number="162" hits="0"/>
						<line number="163" hits="0"/>
						<line number="168" hits="1"/>
						<line number="173" hits="0"/>
						<line number="177" hits="1"/>
						<line number="182" hits="0"/>
						<line number="184" hits="0"/>
						<line number="188" hits="1"/>
						<line number="193" hits="0"/>
						<line number="194" hits="0"/>
						<line number="196" hits="1"/>
						<line number="201" hits="0"/>
						<line number="202" hits="0" branch="true" condition-coverage="0% (0/2)" missing-branches="203,212"/>
						<line number="203" hits="0"/>
						<line number="204" hits="0" branch="true" condition-coverage="0% (0/2)" missing-branches="207,212"/>
						<line number="207" hits="0"/>
						<line number="208" hits="0" branch="true" condition-coverage="0% (0/2)" missing-branches="209,211"/>
						<line number="209" hits="0"/>
						<line number="211" hits="0"/>
						<line number="212" hits="0" branch="true" condition-coverage="0% (0/2)" missing-branches="213,224"/>
						<line number="213" hits="0"/>
						<line number="214" hits="0"/>
						<line number="215" hits="0"/>
						<line number="216" hits="0"/>
						<line number="217" hits="0"/>
						<line number="218" hits="0"/>
						<line number="219" hits="0"/>
						<line number="220" hits="0"/>
						<line number="221" hits="0" branch="true" condition-coverage="0% (0/2)" missing-branches="212,222"/>
						<line number="222" hits="0"/>
						<line number="223" hits="0"/>
						<line number="224" hits="0" branch="true" condition-coverage="0% (0/2)" missing-branches="exit,225"/>
						<line number="225" hits="0" branch="true" condition-coverage="0% (0/2)" missing-branches="exit,226"/>
						<line number="226" hits="0"/>
						<line number="227" hits="0"/>
						<line number="228" hits="0"/>
						<line number="230" hits="1"/>
						<line number="238" hits="0" branch="true" condition-coverage="0% (0/2)" missing-branches="239,242"/>
						<line number="239" hits="0"/>
						<line number="242" hits="0"/>
						<line number="243" hits="0"/>
						<line number="244" hits="0"/>
						<line number="245" hits="0" branch="true" condition-coverage="0% (0/2)" missing-branches="246,264"/>
						<line number="246" hits="0"/>
						<line number="247" hits="0" branch="true" condition-coverage="0% (0/2)" missing-branches="249,250"/>
						<line number="249" hits="0"/>
						<line number="250" hits="0"/>
						<line number="251" hits="0"/>
						<line number="252" hits="0"/>
						<line number="253" hits="0"/>
						<line number="254" hits="0" branch="true" condition-coverage="0% (0/2)" missing-branches="255,259"/>
						<line number="255" hits="0"/>
						<line number="256" hits="0"/>
						<line number="257" hits="0"/>
						<line number="258" hits="0"/>
						<line number="259" hits="0" branch="true" condition-coverage="0% (0/2)" missing-branches="260,262"/>
						<line number="260" hits="0"/>
						<line number="261" hits="0"/>
						<line number="262" hits="0"/>
						<line number="264" hits="0"/>
					</lines>
				</class>
				<class name="fast_ddp.py" filename="optimum/habana/distributed/fast_ddp.py" complexity="0" line-rate="0.02703" branch-rate="0">
					<methods/>
					<lines>
						<line number="24" hits="1"/>
						<line number="27" hits="1"/>
						<line number="46" hits="0"/>
						<line number="47" hits="0" branch="true" condition-coverage="0% (0/2)" missing-branches="48,58"/>
						<line number="48" hits="0" branch="true" condition-coverage="0% (0/2)" missing-branches="50,52"/>
						<line number="50" hits="0"/>
						<line number="52" hits="0"/>
						<line number="53" hits="0" branch="true" condition-coverage="0% (0/2)" missing-branches="54,91"/>
						<line number="54" hits="0"/>
						<line number="55" hits="0"/>
						<line number="58" hits="0"/>
						<line number="59" hits="0" branch="true" condition-coverage="0% (0/2)" missing-branches="60,65"/>
						<line number="60" hits="0" branch="true" condition-coverage="0% (0/2)" missing-branches="61,62"/>
						<line number="61" hits="0"/>
						<line number="62" hits="0"/>
						<line number="65" hits="0" branch="true" condition-coverage="0% (0/2)" missing-branches="66,70"/>
						<line number="66" hits="0"/>
						<line number="67" hits="0"/>
						<line number="70" hits="0"/>
						<line number="71" hits="0"/>
						<line number="74" hits="0"/>
						<line number="75" hits="0"/>
						<line number="76" hits="0" branch="true" condition-coverage="0% (0/2)" missing-branches="77,83"/>
						<line number="77" hits="0" branch="true" condition-coverage="0% (0/2)" missing-branches="78,79"/>
						<line number="78" hits="0"/>
						<line number="79" hits="0"/>
						<line number="80" hits="0"/>
						<line number="81" hits="0"/>
						<line number="82" hits="0"/>
						<line number="83" hits="0"/>
						<line number="86" hits="0" branch="true" condition-coverage="0% (0/2)" missing-branches="87,91"/>
						<line number="87" hits="0"/>
						<line number="88" hits="0"/>
						<line number="91" hits="0"/>
						<line number="92" hits="0"/>
						<line number="93" hits="0" branch="true" condition-coverage="0% (0/2)" missing-branches="exit,94"/>
						<line number="94" hits="0"/>
						<line number="96" hits="0" branch="true" condition-coverage="0% (0/2)" missing-branches="97,101"/>
						<line number="97" hits="0"/>
						<line number="101" hits="0" branch="true" condition-coverage="0% (0/2)" missing-branches="102,103"/>
						<line number="102" hits="0"/>
						<line number="103" hits="0"/>
						<line number="104" hits="0"/>
						<line number="106" hits="0" branch="true" condition-coverage="0% (0/2)" missing-branches="107,119"/>
						<line number="107" hits="0" branch="true" condition-coverage="0% (0/2)" missing-branches="108,117"/>
						<line number="108" hits="0"/>
						<line number="110" hits="0"/>
						<line number="111" hits="0"/>
						<line number="112" hits="0"/>
						<line number="113" hits="0"/>
						<line number="114" hits="0"/>
						<line number="115" hits="0"/>
						<line number="117" hits="0"/>
						<line number="119" hits="0"/>
						<line number="122" hits="0"/>
						<line number="125" hits="0"/>
						<line number="126" hits="0" branch="true" condition-coverage="0% (0/2)" missing-branches="exit,127"/>
						<line number="127" hits="0"/>
						<line number="129" hits="0" branch="true" condition-coverage="0% (0/2)" missing-branches="130,134"/>
						<line number="130" hits="0"/>
						<line number="134" hits="0" branch="true" condition-coverage="0% (0/2)" missing-branches="135,137"/>
						<line number="135" hits="0"/>
						<line number="137" hits="0"/>
						<line number="139" hits="0" branch="true" condition-coverage="0% (0/2)" missing-branches="140,152"/>
						<line number="140" hits="0" branch="true" condition-coverage="0% (0/2)" missing-branches="141,150"/>
						<line number="141" hits="0"/>
						<line number="143" hits="0"/>
						<line number="144" hits="0"/>
						<line number="145" hits="0"/>
						<line number="146" hits="0"/>
						<line number="147" hits="0"/>
						<line number="148" hits="0"/>
						<line number="150" hits="0"/>
						<line number="152" hits="0"/>
					</lines>
				</class>
				<class name="parallel_state.py" filename="optimum/habana/distributed/parallel_state.py" complexity="0" line-rate="0.2431" branch-rate="0">
					<methods/>
					<lines>
						<line number="6" hits="1"/>
						<line number="8" hits="1"/>
						<line number="12" hits="1"/>
						<line number="14" hits="1"/>
						<line number="16" hits="1"/>
						<line number="18" hits="1"/>
						<line number="20" hits="1"/>
						<line number="22" hits="1"/>
						<line number="23" hits="1"/>
						<line number="25" hits="1"/>
						<line number="27" hits="1"/>
						<line number="28" hits="1"/>
						<line number="29" hits="1"/>
						<line number="31" hits="1"/>
						<line number="34" hits="1"/>
						<line number="35" hits="1"/>
						<line number="36" hits="1"/>
						<line number="37" hits="1"/>
						<line number="40" hits="1"/>
						<line number="43" hits="1"/>
						<line number="47" hits="1"/>
						<line number="50" hits="1"/>
						<line number="51" hits="1"/>
						<line number="52" hits="1"/>
						<line number="56" hits="1"/>
						<line number="57" hits="1"/>
						<line number="58" hits="1"/>
						<line number="62" hits="1"/>
						<line number="65" hits="1"/>
						<line number="162" hits="0"/>
						<line number="163" hits="0"/>
						<line number="165" hits="0" branch="true" condition-coverage="0% (0/2)" missing-branches="166,172"/>
						<line number="166" hits="0"/>
						<line number="172" hits="0"/>
						<line number="173" hits="0" branch="true" condition-coverage="0% (0/2)" missing-branches="174,183"/>
						<line number="174" hits="0"/>
						<line number="178" hits="0" branch="true" condition-coverage="0% (0/2)" missing-branches="179,183"/>
						<line number="179" hits="0"/>
						<line number="183" hits="0"/>
						<line number="186" hits="0"/>
						<line number="188" hits="0"/>
						<line number="189" hits="0"/>
						<line number="191" hits="0"/>
						<line number="192" hits="0"/>
						<line number="194" hits="0" branch="true" condition-coverage="0% (0/2)" missing-branches="195,202"/>
						<line number="195" hits="0" branch="true" condition-coverage="0% (0/2)" missing-branches="196,199"/>
						<line number="196" hits="0"/>
						<line number="199" hits="0"/>
						<line number="200" hits="0"/>
						<line number="202" hits="0" branch="true" condition-coverage="0% (0/2)" missing-branches="204,206"/>
						<line number="204" hits="0"/>
						<line number="206" hits="0"/>
						<line number="212" hits="0"/>
						<line number="215" hits="0"/>
						<line number="216" hits="0" branch="true" condition-coverage="0% (0/2)" missing-branches="217,240"/>
						<line number="217" hits="0"/>
						<line number="218" hits="0"/>
						<line number="220" hits="0" branch="true" condition-coverage="0% (0/2)" missing-branches="221,223"/>
						<line number="221" hits="0"/>
						<line number="223" hits="0"/>
						<line number="225" hits="0" branch="true" condition-coverage="0% (0/2)" missing-branches="216,226"/>
						<line number="226" hits="0"/>
						<line number="227" hits="0"/>
						<line number="228" hits="0"/>
						<line number="229" hits="0" branch="true" condition-coverage="0% (0/2)" missing-branches="230,232"/>
						<line number="230" hits="0"/>
						<line number="232" hits="0"/>
						<line number="233" hits="0" branch="true" condition-coverage="0% (0/2)" missing-branches="225,234"/>
						<line number="234" hits="0"/>
						<line number="235" hits="0"/>
						<line number="236" hits="0"/>
						<line number="240" hits="0"/>
						<line number="242" hits="0" branch="true" condition-coverage="0% (0/2)" missing-branches="243,249"/>
						<line number="243" hits="0"/>
						<line number="244" hits="0"/>
						<line number="245" hits="0" branch="true" condition-coverage="0% (0/2)" missing-branches="242,246"/>
						<line number="246" hits="0"/>
						<line number="249" hits="0"/>
						<line number="252" hits="0"/>
						<line number="256" hits="0"/>
						<line number="258" hits="0"/>
						<line number="259" hits="0" branch="true" condition-coverage="0% (0/2)" missing-branches="260,267"/>
						<line number="260" hits="0" branch="true" condition-coverage="0% (0/2)" missing-branches="261,271"/>
						<line number="261" hits="0"/>
						<line number="262" hits="0"/>
						<line number="263" hits="0"/>
						<line number="264" hits="0" branch="true" condition-coverage="0% (0/2)" missing-branches="260,265"/>
						<line number="265" hits="0"/>
						<line number="267" hits="0"/>
						<line number="271" hits="0"/>
						<line number="273" hits="0"/>
						<line number="274" hits="0"/>
						<line number="277" hits="0" branch="true" condition-coverage="0% (0/2)" missing-branches="278,285"/>
						<line number="278" hits="0"/>
						<line number="279" hits="0"/>
						<line number="280" hits="0" branch="true" condition-coverage="0% (0/2)" missing-branches="277,281"/>
						<line number="281" hits="0"/>
						<line number="285" hits="0"/>
						<line number="287" hits="0" branch="true" condition-coverage="0% (0/2)" missing-branches="288,297"/>
						<line number="288" hits="0"/>
						<line number="289" hits="0"/>
						<line number="290" hits="0" branch="true" condition-coverage="0% (0/2)" missing-branches="287,291"/>
						<line number="291" hits="0"/>
						<line number="297" hits="0"/>
						<line number="300" hits="0"/>
						<line number="303" hits="0"/>
						<line number="305" hits="0" branch="true" condition-coverage="0% (0/2)" missing-branches="306,339"/>
						<line number="306" hits="0"/>
						<line number="307" hits="0"/>
						<line number="308" hits="0" branch="true" condition-coverage="0% (0/2)" missing-branches="309,313"/>
						<line number="309" hits="0"/>
						<line number="310" hits="0"/>
						<line number="313" hits="0" branch="true" condition-coverage="0% (0/2)" missing-branches="314,322"/>
						<line number="314" hits="0"/>
						<line number="315" hits="0"/>
						<line number="316" hits="0" branch="true" condition-coverage="0% (0/2)" missing-branches="317,325"/>
						<line number="317" hits="0" branch="true" condition-coverage="0% (0/2)" missing-branches="318,319"/>
						<line number="318" hits="0"/>
						<line number="319" hits="0" branch="true" condition-coverage="0% (0/2)" missing-branches="320,325"/>
						<line number="320" hits="0"/>
						<line number="322" hits="0"/>
						<line number="323" hits="0"/>
						<line number="325" hits="0"/>
						<line number="326" hits="0" branch="true" condition-coverage="0% (0/2)" missing-branches="327,328"/>
						<line number="327" hits="0"/>
						<line number="328" hits="0" branch="true" condition-coverage="0% (0/2)" missing-branches="329,331"/>
						<line number="329" hits="0"/>
						<line number="331" hits="0"/>
						<line number="332" hits="0" branch="true" condition-coverage="0% (0/2)" missing-branches="333,334"/>
						<line number="333" hits="0"/>
						<line number="334" hits="0" branch="true" condition-coverage="0% (0/2)" missing-branches="305,335"/>
						<line number="335" hits="0"/>
						<line number="339" hits="0"/>
						<line number="341" hits="0" branch="true" condition-coverage="0% (0/2)" missing-branches="exit,342"/>
						<line number="342" hits="0"/>
						<line number="343" hits="0"/>
						<line number="344" hits="0" branch="true" condition-coverage="0% (0/2)" missing-branches="exit,345"/>
						<line number="345" hits="0"/>
						<line number="346" hits="0"/>
						<line number="347" hits="0"/>
						<line number="348" hits="0"/>
						<line number="349" hits="0" branch="true" condition-coverage="0% (0/2)" missing-branches="344,350"/>
						<line number="350" hits="0"/>
						<line number="353" hits="1"/>
						<line number="355" hits="0"/>
						<line number="358" hits="1"/>
						<line number="360" hits="0" branch="true" condition-coverage="0% (0/2)" missing-branches="361,363"/>
						<line number="361" hits="0"/>
						<line number="363" hits="0"/>
						<line number="366" hits="1"/>
						<line number="369" hits="0"/>
						<line number="372" hits="1"/>
						<line number="374" hits="0"/>
						<line number="377" hits="1"/>
						<line number="379" hits="0" branch="true" condition-coverage="0% (0/2)" missing-branches="380,381"/>
						<line number="380" hits="0"/>
						<line number="381" hits="0"/>
						<line number="384" hits="1"/>
						<line number="386" hits="0" branch="true" condition-coverage="0% (0/2)" missing-branches="387,388"/>
						<line number="387" hits="0"/>
						<line number="388" hits="0"/>
						<line number="391" hits="1"/>
						<line number="393" hits="0" branch="true" condition-coverage="0% (0/2)" missing-branches="394,395"/>
						<line number="394" hits="0"/>
						<line number="395" hits="0"/>
						<line number="398" hits="1"/>
						<line number="400" hits="0"/>
						<line number="401" hits="0"/>
						<line number="404" hits="1"/>
						<line number="405" hits="0"/>
						<line number="408" hits="1"/>
						<line number="409" hits="0"/>
						<line number="412" hits="1"/>
						<line number="414" hits="0"/>
						<line number="415" hits="0"/>
						<line number="418" hits="1"/>
						<line number="420" hits="0"/>
						<line number="421" hits="0"/>
						<line number="424" hits="1"/>
						<line number="427" hits="0"/>
						<line number="430" hits="1"/>
						<line number="433" hits="0"/>
						<line number="436" hits="1"/>
						<line number="439" hits="0" branch="true" condition-coverage="0% (0/2)" missing-branches="440,442"/>
						<line number="440" hits="0"/>
						<line number="442" hits="0" branch="true" condition-coverage="0% (0/2)" missing-branches="443,445"/>
						<line number="443" hits="0"/>
						<line number="445" hits="0"/>
						<line number="448" hits="1"/>
						<line number="451" hits="0" branch="true" condition-coverage="0% (0/2)" missing-branches="452,453"/>
						<line number="452" hits="0"/>
						<line number="453" hits="0"/>
						<line number="456" hits="1"/>
						<line number="457" hits="0"/>
						<line number="460" hits="1"/>
						<line number="461" hits="0"/>
						<line number="464" hits="1"/>
						<line number="467" hits="0"/>
						<line number="470" hits="1"/>
						<line number="473" hits="0"/>
						<line number="476" hits="1"/>
						<line number="479" hits="0" branch="true" condition-coverage="0% (0/2)" missing-branches="480,482"/>
						<line number="480" hits="0"/>
						<line number="482" hits="0" branch="true" condition-coverage="0% (0/2)" missing-branches="483,485"/>
						<line number="483" hits="0"/>
						<line number="485" hits="0"/>
						<line number="488" hits="1"/>
						<line number="491" hits="0" branch="true" condition-coverage="0% (0/2)" missing-branches="492,493"/>
						<line number="492" hits="0"/>
						<line number="493" hits="0"/>
						<line number="496" hits="1"/>
						<line number="499" hits="0"/>
						<line number="500" hits="0"/>
						<line number="501" hits="0"/>
						<line number="504" hits="1"/>
						<line number="506" hits="0" branch="true" condition-coverage="0% (0/2)" missing-branches="507,508"/>
						<line number="507" hits="0"/>
						<line number="508" hits="0"/>
					</lines>
				</class>
			</classes>
		</package>
		<package name="optimum.habana.sentence_transformers" line-rate="0.1553" branch-rate="0.005128" complexity="0">
			<classes>
				<class name="__init__.py" filename="optimum/habana/sentence_transformers/__init__.py" complexity="0" line-rate="1" branch-rate="1">
					<methods/>
					<lines>
						<line number="19" hits="1"/>
						<line number="20" hits="1"/>
						<line number="21" hits="1"/>
						<line number="22" hits="1"/>
						<line number="23" hits="1"/>
					</lines>
				</class>
				<class name="st_gaudi_data_collator.py" filename="optimum/habana/sentence_transformers/st_gaudi_data_collator.py" complexity="0" line-rate="0.1111" branch-rate="0">
					<methods/>
					<lines>
						<line number="1" hits="1"/>
						<line number="2" hits="1"/>
						<line number="4" hits="1"/>
						<line number="7" hits="1"/>
						<line number="10" hits="0"/>
						<line number="13" hits="0"/>
						<line number="15" hits="0" branch="true" condition-coverage="0% (0/2)" missing-branches="16,19"/>
						<line number="16" hits="0"/>
						<line number="17" hits="0"/>
						<line number="19" hits="0" branch="true" condition-coverage="0% (0/2)" missing-branches="20,23"/>
						<line number="20" hits="0"/>
						<line number="23" hits="0" branch="true" condition-coverage="0% (0/2)" missing-branches="24,30"/>
						<line number="24" hits="0" branch="true" condition-coverage="0% (0/2)" missing-branches="23,25"/>
						<line number="25" hits="0"/>
						<line number="26" hits="0"/>
						<line number="27" hits="0"/>
						<line number="30" hits="0"/>
						<line number="31" hits="0"/>
						<line number="32" hits="0"/>
						<line number="33" hits="0" branch="true" condition-coverage="0% (0/2)" missing-branches="35,59"/>
						<line number="35" hits="0" branch="true" condition-coverage="0% (0/2)" missing-branches="36,39"/>
						<line number="36" hits="0"/>
						<line number="37" hits="0"/>
						<line number="39" hits="0"/>
						<line number="40" hits="0" branch="true" condition-coverage="0% (0/2)" missing-branches="41,57"/>
						<line number="41" hits="0"/>
						<line number="42" hits="0" branch="true" condition-coverage="0% (0/2)" missing-branches="43,45"/>
						<line number="43" hits="0"/>
						<line number="45" hits="0"/>
						<line number="46" hits="0"/>
						<line number="47" hits="0" branch="true" condition-coverage="0% (0/2)" missing-branches="48,50"/>
						<line number="48" hits="0"/>
						<line number="50" hits="0"/>
						<line number="57" hits="0"/>
						<line number="58" hits="0"/>
						<line number="59" hits="0"/>
					</lines>
				</class>
				<class name="st_gaudi_encoder.py" filename="optimum/habana/sentence_transformers/st_gaudi_encoder.py" complexity="0" line-rate="0.1089" branch-rate="0">
					<methods/>
					<lines>
						<line number="1" hits="1"/>
						<line number="2" hits="1"/>
						<line number="3" hits="1"/>
						<line number="4" hits="1"/>
						<line number="6" hits="1"/>
						<line number="7" hits="1"/>
						<line number="8" hits="1"/>
						<line number="9" hits="1"/>
						<line number="13" hits="1"/>
						<line number="16" hits="1"/>
						<line number="19" hits="1"/>
						<line number="88" hits="0"/>
						<line number="89" hits="0" branch="true" condition-coverage="0% (0/2)" missing-branches="90,92"/>
						<line number="90" hits="0"/>
						<line number="92" hits="0" branch="true" condition-coverage="0% (0/2)" missing-branches="93,95"/>
						<line number="93" hits="0"/>
						<line number="95" hits="0" branch="true" condition-coverage="0% (0/2)" missing-branches="96,99"/>
						<line number="96" hits="0"/>
						<line number="97" hits="0"/>
						<line number="99" hits="0"/>
						<line number="100" hits="0" branch="true" condition-coverage="0% (0/2)" missing-branches="103,106"/>
						<line number="103" hits="0"/>
						<line number="104" hits="0"/>
						<line number="106" hits="0" branch="true" condition-coverage="0% (0/2)" missing-branches="107,117"/>
						<line number="107" hits="0" branch="true" condition-coverage="0% (0/2)" missing-branches="108,114"/>
						<line number="108" hits="0"/>
						<line number="109" hits="0"/>
						<line number="110" hits="0"/>
						<line number="111" hits="0"/>
						<line number="114" hits="0" branch="true" condition-coverage="0% (0/2)" missing-branches="115,123"/>
						<line number="115" hits="0"/>
						<line number="117" hits="0" branch="true" condition-coverage="0% (0/2)" missing-branches="118,123"/>
						<line number="118" hits="0"/>
						<line number="123" hits="0"/>
						<line number="124" hits="0" branch="true" condition-coverage="0% (0/2)" missing-branches="125,133"/>
						<line number="125" hits="0"/>
						<line number="129" hits="0"/>
						<line number="130" hits="0" branch="true" condition-coverage="0% (0/2)" missing-branches="131,133"/>
						<line number="131" hits="0"/>
						<line number="133" hits="0" branch="true" condition-coverage="0% (0/2)" missing-branches="134,136"/>
						<line number="134" hits="0"/>
						<line number="136" hits="0"/>
						<line number="138" hits="0"/>
						<line number="139" hits="0"/>
						<line number="140" hits="0"/>
						<line number="142" hits="0" branch="true" condition-coverage="0% (0/2)" missing-branches="143,209"/>
						<line number="143" hits="0"/>
						<line number="144" hits="0"/>
						<line number="145" hits="0" branch="true" condition-coverage="0% (0/2)" missing-branches="146,172"/>
						<line number="146" hits="0" branch="true" condition-coverage="0% (0/2)" missing-branches="147,172"/>
						<line number="147" hits="0"/>
						<line number="148" hits="0"/>
						<line number="149" hits="0"/>
						<line number="156" hits="0"/>
						<line number="163" hits="0" branch="true" condition-coverage="0% (0/2)" missing-branches="164,172"/>
						<line number="164" hits="0"/>
						<line number="172" hits="0"/>
						<line number="173" hits="0"/>
						<line number="175" hits="0"/>
						<line number="176" hits="0"/>
						<line number="177" hits="0" branch="true" condition-coverage="0% (0/2)" missing-branches="178,180"/>
						<line number="178" hits="0"/>
						<line number="180" hits="0"/>
						<line number="184" hits="0" branch="true" condition-coverage="0% (0/2)" missing-branches="185,192"/>
						<line number="185" hits="0"/>
						<line number="186" hits="0" branch="true" condition-coverage="0% (0/2)" missing-branches="187,207"/>
						<line number="187" hits="0"/>
						<line number="188" hits="0" branch="true" condition-coverage="0% (0/2)" missing-branches="189,191"/>
						<line number="189" hits="0"/>
						<line number="191" hits="0"/>
						<line number="192" hits="0" branch="true" condition-coverage="0% (0/2)" missing-branches="193,198"/>
						<line number="193" hits="0"/>
						<line number="194" hits="0" branch="true" condition-coverage="0% (0/2)" missing-branches="195,207"/>
						<line number="195" hits="0"/>
						<line number="196" hits="0"/>
						<line number="198" hits="0"/>
						<line number="199" hits="0"/>
						<line number="200" hits="0" branch="true" condition-coverage="0% (0/2)" missing-branches="201,204"/>
						<line number="201" hits="0"/>
						<line number="204" hits="0" branch="true" condition-coverage="0% (0/2)" missing-branches="205,207"/>
						<line number="205" hits="0"/>
						<line number="207" hits="0"/>
						<line number="209" hits="0"/>
						<line number="211" hits="0" branch="true" condition-coverage="0% (0/2)" missing-branches="212,214"/>
						<line number="212" hits="0"/>
						<line number="214" hits="0" branch="true" condition-coverage="0% (0/2)" missing-branches="215,222"/>
						<line number="215" hits="0" branch="true" condition-coverage="0% (0/2)" missing-branches="216,221"/>
						<line number="216" hits="0" branch="true" condition-coverage="0% (0/2)" missing-branches="217,219"/>
						<line number="217" hits="0"/>
						<line number="219" hits="0"/>
						<line number="221" hits="0"/>
						<line number="222" hits="0" branch="true" condition-coverage="0% (0/2)" missing-branches="223,228"/>
						<line number="223" hits="0" branch="true" condition-coverage="0% (0/2)" missing-branches="224,231"/>
						<line number="224" hits="0" branch="true" condition-coverage="0% (0/2)" missing-branches="225,227"/>
						<line number="225" hits="0"/>
						<line number="227" hits="0"/>
						<line number="228" hits="0" branch="true" condition-coverage="0% (0/2)" missing-branches="229,231"/>
						<line number="229" hits="0"/>
						<line number="231" hits="0" branch="true" condition-coverage="0% (0/2)" missing-branches="232,234"/>
						<line number="232" hits="0"/>
						<line number="234" hits="0"/>
					</lines>
				</class>
				<class name="st_gaudi_trainer.py" filename="optimum/habana/sentence_transformers/st_gaudi_trainer.py" complexity="0" line-rate="0.136" branch-rate="0.006897">
					<methods/>
					<lines>
						<line number="15" hits="1"/>
						<line number="17" hits="1"/>
						<line number="18" hits="1"/>
						<line number="19" hits="1"/>
						<line number="20" hits="1"/>
						<line number="21" hits="1"/>
						<line number="22" hits="1"/>
						<line number="24" hits="1"/>
						<line number="25" hits="1"/>
						<line number="26" hits="1"/>
						<line number="27" hits="1"/>
						<line number="28" hits="1"/>
						<line number="29" hits="1"/>
						<line number="30" hits="1"/>
						<line number="31" hits="1"/>
						<line number="32" hits="1"/>
						<line number="33" hits="1"/>
						<line number="40" hits="1"/>
						<line number="44" hits="1"/>
						<line number="45" hits="1"/>
						<line number="46" hits="1"/>
						<line number="47" hits="1"/>
						<line number="48" hits="1"/>
						<line number="49" hits="1"/>
						<line number="50" hits="1"/>
						<line number="51" hits="1"/>
						<line number="52" hits="1"/>
						<line number="54" hits="1"/>
						<line number="55" hits="1"/>
						<line number="58" hits="1" branch="true" condition-coverage="50% (1/2)" missing-branches="61"/>
						<line number="59" hits="1"/>
						<line number="61" hits="1"/>
						<line number="63" hits="1" branch="true" condition-coverage="50% (1/2)" missing-branches="64"/>
						<line number="64" hits="0"/>
						<line number="67" hits="1"/>
						<line number="76" hits="1"/>
						<line number="100" hits="0" branch="true" condition-coverage="0% (0/2)" missing-branches="101,106"/>
						<line number="101" hits="0"/>
						<line number="106" hits="0" branch="true" condition-coverage="0% (0/2)" missing-branches="107,118"/>
						<line number="107" hits="0"/>
						<line number="108" hits="0"/>
						<line number="109" hits="0"/>
						<line number="118" hits="0" branch="true" condition-coverage="0% (0/2)" missing-branches="119,121"/>
						<line number="119" hits="0"/>
						<line number="121" hits="0" branch="true" condition-coverage="0% (0/2)" missing-branches="122,128"/>
						<line number="122" hits="0" branch="true" condition-coverage="0% (0/2)" missing-branches="123,126"/>
						<line number="123" hits="0"/>
						<line number="124" hits="0"/>
						<line number="126" hits="0"/>
						<line number="128" hits="0" branch="true" condition-coverage="0% (0/2)" missing-branches="129,133"/>
						<line number="129" hits="0"/>
						<line number="133" hits="0"/>
						<line number="135" hits="0" branch="true" condition-coverage="0% (0/2)" missing-branches="136,144"/>
						<line number="136" hits="0"/>
						<line number="144" hits="0"/>
						<line number="156" hits="0" branch="true" condition-coverage="0% (0/2)" missing-branches="157,159"/>
						<line number="157" hits="0"/>
						<line number="159" hits="0" branch="true" condition-coverage="0% (0/2)" missing-branches="160,162"/>
						<line number="160" hits="0"/>
						<line number="162" hits="0" branch="true" condition-coverage="0% (0/2)" missing-branches="163,165"/>
						<line number="163" hits="0"/>
						<line number="165" hits="0" branch="true" condition-coverage="0% (0/2)" missing-branches="166,180"/>
						<line number="166" hits="0" branch="true" condition-coverage="0% (0/2)" missing-branches="165,167"/>
						<line number="167" hits="0"/>
						<line number="168" hits="0"/>
						<line number="169" hits="0"/>
						<line number="172" hits="0"/>
						<line number="180" hits="0" branch="true" condition-coverage="0% (0/2)" missing-branches="181,182"/>
						<line number="181" hits="0"/>
						<line number="182" hits="0" branch="true" condition-coverage="0% (0/2)" missing-branches="183,184"/>
						<line number="183" hits="0"/>
						<line number="184" hits="0"/>
						<line number="198" hits="0" branch="true" condition-coverage="0% (0/2)" missing-branches="199,201"/>
						<line number="199" hits="0"/>
						<line number="201" hits="0"/>
						<line number="202" hits="0"/>
						<line number="207" hits="0" branch="true" condition-coverage="0% (0/2)" missing-branches="208,212"/>
						<line number="208" hits="0"/>
						<line number="212" hits="0"/>
						<line number="214" hits="0"/>
						<line number="216" hits="0"/>
						<line number="217" hits="0"/>
						<line number="218" hits="0"/>
						<line number="220" hits="0" branch="true" condition-coverage="0% (0/2)" missing-branches="221,223"/>
						<line number="221" hits="0"/>
						<line number="223" hits="0" branch="true" condition-coverage="0% (0/2)" missing-branches="224,227"/>
						<line number="224" hits="0"/>
						<line number="225" hits="0"/>
						<line number="227" hits="0" branch="true" condition-coverage="0% (0/2)" missing-branches="228,242"/>
						<line number="228" hits="0"/>
						<line number="229" hits="0" branch="true" condition-coverage="0% (0/2)" missing-branches="230,245"/>
						<line number="230" hits="0" branch="true" condition-coverage="0% (0/2)" missing-branches="231,232"/>
						<line number="231" hits="0"/>
						<line number="232" hits="0" branch="true" condition-coverage="0% (0/2)" missing-branches="233,236"/>
						<line number="233" hits="0"/>
						<line number="236" hits="0" branch="true" condition-coverage="0% (0/2)" missing-branches="229,237"/>
						<line number="237" hits="0"/>
						<line number="242" hits="0"/>
						<line number="245" hits="0" branch="true" condition-coverage="0% (0/2)" missing-branches="246,247"/>
						<line number="246" hits="0"/>
						<line number="247" hits="0"/>
						<line number="249" hits="0" branch="true" condition-coverage="0% (0/2)" missing-branches="250,253"/>
						<line number="250" hits="0"/>
						<line number="253" hits="0" branch="true" condition-coverage="0% (0/2)" missing-branches="254,257"/>
						<line number="254" hits="0"/>
						<line number="257" hits="0"/>
						<line number="259" hits="1"/>
						<line number="275" hits="0"/>
						<line number="276" hits="0"/>
						<line number="277" hits="0"/>
						<line number="279" hits="1"/>
						<line number="285" hits="0" branch="true" condition-coverage="0% (0/2)" missing-branches="286,290"/>
						<line number="286" hits="0"/>
						<line number="290" hits="0" branch="true" condition-coverage="0% (0/2)" missing-branches="291,293"/>
						<line number="291" hits="0"/>
						<line number="293" hits="0" branch="true" condition-coverage="0% (0/2)" missing-branches="294,312"/>
						<line number="294" hits="0"/>
						<line number="296" hits="0"/>
						<line number="297" hits="0" branch="true" condition-coverage="0% (0/2)" missing-branches="298,302"/>
						<line number="298" hits="0"/>
						<line number="302" hits="0"/>
						<line number="304" hits="0" branch="true" condition-coverage="0% (0/2)" missing-branches="305,307"/>
						<line number="305" hits="0"/>
						<line number="307" hits="0" branch="true" condition-coverage="0% (0/2)" missing-branches="308,310"/>
						<line number="308" hits="0"/>
						<line number="310" hits="0"/>
						<line number="312" hits="0" branch="true" condition-coverage="0% (0/2)" missing-branches="313,321"/>
						<line number="313" hits="0"/>
						<line number="315" hits="0" branch="true" condition-coverage="0% (0/2)" missing-branches="316,319"/>
						<line number="316" hits="0"/>
						<line number="317" hits="0"/>
						<line number="319" hits="0"/>
						<line number="321" hits="0"/>
						<line number="323" hits="1"/>
						<line number="324" hits="0"/>
						<line number="326" hits="0" branch="true" condition-coverage="0% (0/2)" missing-branches="327,330"/>
						<line number="327" hits="0"/>
						<line number="330" hits="0" branch="true" condition-coverage="0% (0/2)" missing-branches="331,340"/>
						<line number="331" hits="0" branch="true" condition-coverage="0% (0/2)" missing-branches="333,346"/>
						<line number="333" hits="0" branch="true" condition-coverage="0% (0/2)" missing-branches="334,336"/>
						<line number="334" hits="0"/>
						<line number="336" hits="0" branch="true" condition-coverage="0% (0/2)" missing-branches="331,337"/>
						<line number="337" hits="0"/>
						<line number="340" hits="0" branch="true" condition-coverage="0% (0/2)" missing-branches="341,344"/>
						<line number="341" hits="0"/>
						<line number="344" hits="0" branch="true" condition-coverage="0% (0/2)" missing-branches="345,346"/>
						<line number="345" hits="0"/>
						<line number="346" hits="0"/>
						<line number="348" hits="1"/>
						<line number="349" hits="0"/>
						<line number="351" hits="0" branch="true" condition-coverage="0% (0/2)" missing-branches="352,358"/>
						<line number="352" hits="0" branch="true" condition-coverage="0% (0/2)" missing-branches="353,354"/>
						<line number="353" hits="0"/>
						<line number="354" hits="0" branch="true" condition-coverage="0% (0/2)" missing-branches="355,356"/>
						<line number="355" hits="0"/>
						<line number="356" hits="0" branch="true" condition-coverage="0% (0/2)" missing-branches="351,357"/>
						<line number="357" hits="0"/>
						<line number="358" hits="0"/>
						<line number="360" hits="1"/>
						<line number="365" hits="0" branch="true" condition-coverage="0% (0/2)" missing-branches="366,367"/>
						<line number="366" hits="0"/>
						<line number="367" hits="0"/>
						<line number="369" hits="1"/>
						<line number="370" hits="0" branch="true" condition-coverage="0% (0/2)" missing-branches="371,373"/>
						<line number="371" hits="0" branch="true" condition-coverage="0% (0/2)" missing-branches="370,372"/>
						<line number="372" hits="0"/>
						<line number="373" hits="0"/>
						<line number="375" hits="1"/>
						<line number="400" hits="0"/>
						<line number="401" hits="0"/>
						<line number="402" hits="0"/>
						<line number="404" hits="0" branch="true" condition-coverage="0% (0/2)" missing-branches="405,409"/>
						<line number="405" hits="0"/>
						<line number="409" hits="0" branch="true" condition-coverage="0% (0/2)" missing-branches="415,416"/>
						<line number="415" hits="0"/>
						<line number="416" hits="0"/>
						<line number="417" hits="0" branch="true" condition-coverage="0% (0/2)" missing-branches="422,423"/>
						<line number="422" hits="0"/>
						<line number="423" hits="0"/>
						<line number="425" hits="1"/>
						<line number="446" hits="0"/>
[...]
						<line number="3367" hits="0" branch="true" condition-coverage="0% (0/2)" missing-branches="3368,3375"/>
						<line number="3368" hits="0" branch="true" condition-coverage="0% (0/2)" missing-branches="3369,3373"/>
						<line number="3369" hits="0"/>
						<line number="3370" hits="0"/>
						<line number="3372" hits="0"/>
						<line number="3373" hits="0"/>
						<line number="3375" hits="0" branch="true" condition-coverage="0% (0/2)" missing-branches="3382,3390"/>
						<line number="3382" hits="0" branch="true" condition-coverage="0% (0/2)" missing-branches="3383,3384"/>
						<line number="3383" hits="0"/>
						<line number="3384" hits="0"/>
						<line number="3390" hits="0"/>
						<line number="3392" hits="0" branch="true" condition-coverage="0% (0/2)" missing-branches="3399,3403"/>
						<line number="3399" hits="0"/>
						<line number="3401" hits="0"/>
						<line number="3403" hits="0"/>
						<line number="3405" hits="0" branch="true" condition-coverage="0% (0/2)" missing-branches="3406,3429"/>
						<line number="3406" hits="0"/>
						<line number="3407" hits="0"/>
						<line number="3409" hits="0"/>
						<line number="3410" hits="0"/>
						<line number="3411" hits="0" branch="true" condition-coverage="0% (0/2)" missing-branches="3412,3413"/>
						<line number="3412" hits="0"/>
						<line number="3413" hits="0" branch="true" condition-coverage="0% (0/2)" missing-branches="3414,3415"/>
						<line number="3414" hits="0"/>
						<line number="3415" hits="0" branch="true" condition-coverage="0% (0/2)" missing-branches="3416,3417"/>
						<line number="3416" hits="0"/>
						<line number="3417" hits="0" branch="true" condition-coverage="0% (0/2)" missing-branches="3418,3419"/>
						<line number="3418" hits="0"/>
						<line number="3419" hits="0"/>
						<line number="3421" hits="0"/>
						<line number="3422" hits="0"/>
						<line number="3424" hits="0"/>
						<line number="3425" hits="0"/>
						<line number="3429" hits="0"/>
						<line number="3441" hits="0" branch="true" condition-coverage="0% (0/2)" missing-branches="3442,3471"/>
						<line number="3442" hits="0" branch="true" condition-coverage="0% (0/2)" missing-branches="3443,3445"/>
						<line number="3443" hits="0"/>
						<line number="3445" hits="0" branch="true" condition-coverage="0% (0/2)" missing-branches="3446,3460"/>
						<line number="3446" hits="0"/>
						<line number="3460" hits="0"/>
						<line number="3471" hits="0"/>
						<line number="3473" hits="1"/>
						<line number="3529" hits="0"/>
						<line number="3531" hits="1"/>
						<line number="3588" hits="0"/>
						<line number="3589" hits="0"/>
						<line number="3590" hits="0"/>
						<line number="3591" hits="0"/>
						<line number="3592" hits="0"/>
						<line number="3593" hits="0"/>
						<line number="3594" hits="0"/>
						<line number="3596" hits="0"/>
						<line number="3597" hits="0"/>
						<line number="3599" hits="0"/>
						<line number="3601" hits="0"/>
						<line number="3602" hits="0" branch="true" condition-coverage="0% (0/2)" missing-branches="3604,3606"/>
						<line number="3604" hits="0"/>
						<line number="3606" hits="0"/>
						<line number="3608" hits="0" branch="true" condition-coverage="0% (0/2)" missing-branches="3609,3614"/>
						<line number="3609" hits="0"/>
						<line number="3614" hits="0"/>
						<line number="3615" hits="0"/>
						<line number="3616" hits="0"/>
						<line number="3619" hits="0"/>
						<line number="3620" hits="0"/>
						<line number="3621" hits="0"/>
						<line number="3624" hits="0" branch="true" condition-coverage="0% (0/2)" missing-branches="3625,3632"/>
						<line number="3625" hits="0"/>
						<line number="3626" hits="0"/>
						<line number="3632" hits="0"/>
						<line number="3633" hits="0"/>
						<line number="3634" hits="0"/>
						<line number="3636" hits="0"/>
						<line number="3639" hits="0" branch="true" condition-coverage="0% (0/2)" missing-branches="3640,3642"/>
						<line number="3640" hits="0"/>
						<line number="3642" hits="0"/>
						<line number="3644" hits="0"/>
						<line number="3647" hits="0"/>
						<line number="3649" hits="0"/>
						<line number="3650" hits="0" branch="true" condition-coverage="0% (0/2)" missing-branches="3651,3792"/>
						<line number="3651" hits="0"/>
						<line number="3652" hits="0"/>
						<line number="3655" hits="0"/>
						<line number="3656" hits="0"/>
						<line number="3658" hits="0"/>
						<line number="3660" hits="0"/>
						<line number="3667" hits="0" branch="true" condition-coverage="0% (0/2)" missing-branches="3668,3671"/>
						<line number="3668" hits="0"/>
						<line number="3669" hits="0"/>
						<line number="3671" hits="0" branch="true" condition-coverage="0% (0/2)" missing-branches="3672,3682"/>
						<line number="3672" hits="0" branch="true" condition-coverage="0% (0/2)" missing-branches="3674,3680"/>
						<line number="3674" hits="0" branch="true" condition-coverage="0% (0/2)" missing-branches="3675,3677"/>
						<line number="3675" hits="0"/>
						<line number="3677" hits="0"/>
						<line number="3678" hits="0"/>
						<line number="3680" hits="0"/>
						<line number="3682" hits="0"/>
						<line number="3683" hits="0"/>
						<line number="3685" hits="0"/>
						<line number="3689" hits="0"/>
						<line number="3691" hits="0"/>
						<line number="3695" hits="0"/>
						<line number="3698" hits="0" branch="true" condition-coverage="0% (0/2)" missing-branches="3699,3717"/>
						<line number="3699" hits="0" branch="true" condition-coverage="0% (0/2)" missing-branches="3700,3701"/>
						<line number="3700" hits="0"/>
						<line number="3701" hits="0" branch="true" condition-coverage="0% (0/2)" missing-branches="3702,3703"/>
						<line number="3702" hits="0"/>
						<line number="3703" hits="0" branch="true" condition-coverage="0% (0/2)" missing-branches="3704,3709"/>
						<line number="3704" hits="0"/>
						<line number="3707" hits="0" branch="true" condition-coverage="0% (0/2)" missing-branches="3708,3709"/>
						<line number="3708" hits="0"/>
						<line number="3709" hits="0" branch="true" condition-coverage="0% (0/2)" missing-branches="3710,3717"/>
						<line number="3710" hits="0"/>
						<line number="3717" hits="0"/>
						<line number="3718" hits="0"/>
						<line number="3721" hits="0"/>
						<line number="3722" hits="0"/>
						<line number="3726" hits="0"/>
						<line number="3727" hits="0"/>
						<line number="3730" hits="0"/>
						<line number="3741" hits="0"/>
						<line number="3742" hits="0"/>
						<line number="3743" hits="0"/>
						<line number="3745" hits="0" branch="true" condition-coverage="0% (0/2)" missing-branches="3746,3752"/>
						<line number="3746" hits="0"/>
						<line number="3747" hits="0"/>
						<line number="3748" hits="0"/>
						<line number="3752" hits="0"/>
						<line number="3754" hits="0"/>
						<line number="3764" hits="0"/>
						<line number="3766" hits="0" branch="true" condition-coverage="0% (0/2)" missing-branches="3767,3771"/>
						<line number="3767" hits="0"/>
						<line number="3771" hits="0" branch="true" condition-coverage="0% (0/2)" missing-branches="3772,3775"/>
						<line number="3772" hits="0"/>
						<line number="3775" hits="0"/>
						<line number="3777" hits="0"/>
						<line number="3779" hits="0" branch="true" condition-coverage="0% (0/2)" missing-branches="3782,3784"/>
						<line number="3782" hits="0"/>
						<line number="3784" hits="0" branch="true" condition-coverage="0% (0/2)" missing-branches="3650,3785"/>
						<line number="3785" hits="0" branch="true" condition-coverage="0% (0/2)" missing-branches="3786,3790"/>
						<line number="3786" hits="0"/>
						<line number="3787" hits="0"/>
						<line number="3789" hits="0"/>
						<line number="3790" hits="0"/>
						<line number="3792" hits="0"/>
						<line number="3793" hits="0"/>
						<line number="3805" hits="0" branch="true" condition-coverage="0% (0/2)" missing-branches="3806,3834"/>
						<line number="3806" hits="0" branch="true" condition-coverage="0% (0/2)" missing-branches="3807,3808"/>
						<line number="3807" hits="0"/>
						<line number="3808" hits="0" branch="true" condition-coverage="0% (0/2)" missing-branches="3809,3823"/>
						<line number="3809" hits="0"/>
						<line number="3823" hits="0"/>
						<line number="3834" hits="0"/>
						<line number="3836" hits="1"/>
						<line number="3899" hits="0"/>
						<line number="3900" hits="0"/>
						<line number="3901" hits="0"/>
						<line number="3902" hits="0"/>
						<line number="3903" hits="0"/>
						<line number="3904" hits="0"/>
						<line number="3907" hits="0"/>
						<line number="3908" hits="0"/>
						<line number="3909" hits="0"/>
						<line number="3910" hits="0"/>
						<line number="3911" hits="0"/>
						<line number="3914" hits="0" branch="true" condition-coverage="0% (0/2)" missing-branches="3915,3921"/>
						<line number="3915" hits="0"/>
						<line number="3916" hits="0"/>
						<line number="3921" hits="0"/>
						<line number="3922" hits="0" branch="true" condition-coverage="0% (0/2)" missing-branches="3923,3924"/>
						<line number="3923" hits="0"/>
						<line number="3924" hits="0"/>
						<line number="3926" hits="0"/>
						<line number="3927" hits="0"/>
						<line number="3928" hits="0"/>
						<line number="3929" hits="0"/>
						<line number="3931" hits="0"/>
						<line number="3932" hits="0"/>
						<line number="3933" hits="0" branch="true" condition-coverage="0% (0/2)" missing-branches="3934,4129"/>
						<line number="3934" hits="0" branch="true" condition-coverage="0% (0/2)" missing-branches="3935,3937"/>
						<line number="3935" hits="0"/>
						<line number="3937" hits="0" branch="true" condition-coverage="0% (0/2)" missing-branches="3939,3941"/>
						<line number="3939" hits="0"/>
						<line number="3941" hits="0"/>
						<line number="3944" hits="0"/>
						<line number="3945" hits="0"/>
						<line number="3948" hits="0"/>
						<line number="3950" hits="0"/>
						<line number="3951" hits="0" branch="true" condition-coverage="0% (0/2)" missing-branches="3952,3954"/>
						<line number="3952" hits="0"/>
						<line number="3954" hits="0" branch="true" condition-coverage="0% (0/2)" missing-branches="3955,3957"/>
						<line number="3955" hits="0"/>
						<line number="3957" hits="0"/>
						<line number="3958" hits="0"/>
						<line number="3965" hits="0"/>
						<line number="3966" hits="0"/>
						<line number="3969" hits="0"/>
						<line number="3970" hits="0" branch="true" condition-coverage="0% (0/2)" missing-branches="3971,3979"/>
						<line number="3971" hits="0"/>
						<line number="3979" hits="0"/>
						<line number="3980" hits="0" branch="true" condition-coverage="0% (0/2)" missing-branches="3981,3983"/>
						<line number="3981" hits="0"/>
						<line number="3983" hits="0"/>
						<line number="3987" hits="0"/>
						<line number="3988" hits="0"/>
						<line number="3990" hits="0"/>
						<line number="3997" hits="0"/>
						<line number="3998" hits="0"/>
						<line number="3999" hits="0"/>
						<line number="4000" hits="0" branch="true" condition-coverage="0% (0/2)" missing-branches="4001,4007"/>
						<line number="4001" hits="0" branch="true" condition-coverage="0% (0/2)" missing-branches="4002,4007"/>
						<line number="4002" hits="0"/>
						<line number="4007" hits="0" branch="true" condition-coverage="0% (0/2)" missing-branches="4008,4022"/>
						<line number="4008" hits="0"/>
						<line number="4010" hits="0"/>
						<line number="4022" hits="0" branch="true" condition-coverage="0% (0/2)" missing-branches="4023,4026"/>
						<line number="4023" hits="0"/>
						<line number="4024" hits="0"/>
						<line number="4026" hits="0"/>
						<line number="4028" hits="0"/>
						<line number="4029" hits="0"/>
						<line number="4032" hits="0" branch="true" condition-coverage="0% (0/2)" missing-branches="4033,4034"/>
						<line number="4033" hits="0"/>
						<line number="4034" hits="0"/>
						<line number="4042" hits="0" branch="true" condition-coverage="0% (0/2)" missing-branches="4043,4045"/>
						<line number="4043" hits="0"/>
						<line number="4045" hits="0"/>
						<line number="4046" hits="0" branch="true" condition-coverage="0% (0/2)" missing-branches="4047,4048"/>
						<line number="4047" hits="0"/>
						<line number="4048" hits="0"/>
						<line number="4051" hits="0"/>
						<line number="4052" hits="0"/>
						<line number="4055" hits="0"/>
						<line number="4059" hits="0" branch="true" condition-coverage="0% (0/2)" missing-branches="4060,4098"/>
						<line number="4060" hits="0"/>
						<line number="4061" hits="0" branch="true" condition-coverage="0% (0/2)" missing-branches="4062,4063"/>
						<line number="4062" hits="0"/>
						<line number="4063" hits="0" branch="true" condition-coverage="0% (0/2)" missing-branches="4064,4066"/>
						<line number="4064" hits="0"/>
						<line number="4066" hits="0"/>
						<line number="4067" hits="0" branch="true" condition-coverage="0% (0/2)" missing-branches="4068,4088"/>
						<line number="4068" hits="0" branch="true" condition-coverage="0% (0/2)" missing-branches="4069,4080"/>
						<line number="4069" hits="0"/>
						<line number="4072" hits="0"/>
						<line number="4080" hits="0" branch="true" condition-coverage="0% (0/2)" missing-branches="4081,4088"/>
						<line number="4081" hits="0"/>
						<line number="4088" hits="0" branch="true" condition-coverage="0% (0/2)" missing-branches="4089,4098"/>
						<line number="4089" hits="0" branch="true" condition-coverage="0% (0/2)" missing-branches="4090,4094"/>
						<line number="4090" hits="0"/>
						<line number="4094" hits="0"/>
						<line number="4098" hits="0" branch="true" condition-coverage="0% (0/2)" missing-branches="4099,4107"/>
						<line number="4099" hits="0"/>
						<line number="4107" hits="0"/>
						<line number="4114" hits="0"/>
						<line number="4115" hits="0"/>
						<line number="4117" hits="0" branch="true" condition-coverage="0% (0/2)" missing-branches="4118,4124"/>
						<line number="4118" hits="0" branch="true" condition-coverage="0% (0/2)" missing-branches="4119,4123"/>
						<line number="4119" hits="0"/>
						<line number="4120" hits="0"/>
						<line number="4122" hits="0"/>
						<line number="4123" hits="0"/>
						<line number="4124" hits="0"/>
						<line number="4126" hits="0" branch="true" condition-coverage="0% (0/2)" missing-branches="3933,4127"/>
						<line number="4127" hits="0"/>
						<line number="4129" hits="0"/>
						<line number="4130" hits="0" branch="true" condition-coverage="0% (0/2)" missing-branches="4131,4133"/>
						<line number="4131" hits="0"/>
						<line number="4133" hits="0" branch="true" condition-coverage="0% (0/2)" missing-branches="4137,4140"/>
						<line number="4137" hits="0"/>
						<line number="4140" hits="0" branch="true" condition-coverage="0% (0/2)" missing-branches="4141,4163"/>
						<line number="4141" hits="0" branch="true" condition-coverage="0% (0/2)" missing-branches="4142,4154"/>
						<line number="4142" hits="0"/>
						<line number="4154" hits="0"/>
						<line number="4163" hits="0"/>
						<line number="4166" hits="1"/>
						<line number="4178" hits="0"/>
						<line number="4179" hits="0"/>
						<line number="4180" hits="0"/>
						<line number="4182" hits="0"/>
						<line number="4183" hits="0"/>
						<line number="4184" hits="0"/>
						<line number="4185" hits="0"/>
						<line number="4186" hits="0"/>
						<line number="4187" hits="0"/>
					</lines>
				</class>
			</classes>
		</package>
		<package name="optimum.habana.transformers.integrations" line-rate="0.1887" branch-rate="0" complexity="0">
			<classes>
				<class name="deepspeed.py" filename="optimum/habana/transformers/integrations/deepspeed.py" complexity="0" line-rate="0.1887" branch-rate="0">
					<methods/>
					<lines>
						<line number="19" hits="1"/>
						<line number="20" hits="1"/>
						<line number="21" hits="1"/>
						<line number="28" hits="1"/>
						<line number="31" hits="1"/>
						<line number="34" hits="1"/>
						<line number="43" hits="1"/>
						<line number="44" hits="0"/>
						<line number="45" hits="0"/>
						<line number="47" hits="0"/>
						<line number="48" hits="0"/>
						<line number="49" hits="0"/>
						<line number="51" hits="1"/>
						<line number="58" hits="0"/>
						<line number="59" hits="0"/>
						<line number="65" hits="0"/>
						<line number="70" hits="0"/>
						<line number="76" hits="0"/>
						<line number="78" hits="0"/>
						<line number="79" hits="0"/>
						<line number="84" hits="0"/>
						<line number="85" hits="0"/>
						<line number="87" hits="0"/>
						<line number="88" hits="0"/>
						<line number="91" hits="0" branch="true" condition-coverage="0% (0/2)" missing-branches="93,97"/>
						<line number="93" hits="0"/>
						<line number="94" hits="0"/>
						<line number="97" hits="0" branch="true" condition-coverage="0% (0/2)" missing-branches="98,100"/>
						<line number="98" hits="0"/>
						<line number="100" hits="0"/>
						<line number="103" hits="1"/>
						<line number="110" hits="0"/>
						<line number="112" hits="0"/>
						<line number="113" hits="0"/>
						<line number="115" hits="0"/>
						<line number="119" hits="0"/>
						<line number="122" hits="0"/>
						<line number="125" hits="0"/>
						<line number="127" hits="0" branch="true" condition-coverage="0% (0/2)" missing-branches="129,138"/>
						<line number="129" hits="0" branch="true" condition-coverage="0% (0/2)" missing-branches="130,133"/>
						<line number="130" hits="0"/>
						<line number="133" hits="0"/>
						<line number="134" hits="0"/>
						<line number="135" hits="0"/>
						<line number="136" hits="0"/>
						<line number="138" hits="0"/>
						<line number="139" hits="0"/>
						<line number="140" hits="0"/>
						<line number="147" hits="0"/>
						<line number="150" hits="1"/>
						<line number="151" hits="0" branch="true" condition-coverage="0% (0/2)" missing-branches="152,153"/>
						<line number="152" hits="0"/>
						<line number="153" hits="0"/>
					</lines>
				</class>
			</classes>
		</package>
		<package name="tests" line-rate="1" branch-rate="1" complexity="0">
			<classes>
				<class name="__init__.py" filename="tests/__init__.py" complexity="0" line-rate="1" branch-rate="1">
					<methods/>
					<lines/>
				</class>
				<class name="test_gaudi_configuration.py" filename="tests/test_gaudi_configuration.py" complexity="0" line-rate="1" branch-rate="1">
					<methods/>
					<lines>
						<line number="16" hits="1"/>
						<line number="17" hits="1"/>
						<line number="18" hits="1"/>
						<line number="19" hits="1"/>
						<line number="21" hits="1"/>
						<line number="24" hits="1"/>
						<line number="25" hits="1"/>
						<line number="28" hits="1"/>
						<line number="33" hits="1"/>
						<line number="34" hits="1"/>
						<line number="36" hits="1"/>
						<line number="37" hits="1"/>
						<line number="38" hits="1"/>
						<line number="40" hits="1"/>
						<line number="41" hits="1"/>
						<line number="43" hits="1"/>
						<line number="44" hits="1"/>
						<line number="68" hits="1"/>
						<line number="69" hits="1"/>
						<line number="70" hits="1"/>
						<line number="75" hits="1"/>
						<line number="82" hits="1"/>
					</lines>
				</class>
				<class name="utils.py" filename="tests/utils.py" complexity="0" line-rate="1" branch-rate="1">
					<methods/>
					<lines>
						<line number="18" hits="1"/>
						<line number="71" hits="1"/>
						<line number="79" hits="1"/>
						<line number="87" hits="1"/>
						<line number="89" hits="1"/>
						<line number="91" hits="1"/>
						<line number="94" hits="1"/>
						<line number="101" hits="1"/>
						<line number="103" hits="1"/>
						<line number="105" hits="1"/>
						<line number="108" hits="1"/>
					</lines>
				</class>
			</classes>
		</package>
	</packages>
</coverage>
